#
# A fatal error has been detected by the Java Runtime Environment:
#
#  EXCEPTION_ACCESS_VIOLATION (0xc0000005) at pc=0x00007ff8642f95aa, pid=17392, tid=10488
#
# JRE version: OpenJDK Runtime Environment JBR-17.0.5+1-653.25-jcef (17.0.5+1) (build 17.0.5+1-b653.25)
# Java VM: OpenJDK 64-Bit Server VM JBR-17.0.5+1-653.25-jcef (17.0.5+1-b653.25, mixed mode, tiered, compressed oops, compressed class ptrs, g1 gc, windows-amd64)
# Problematic frame:
# C  [igxelpicd64.dll+0x2895aa]
#
# No core dump will be written. Minidumps are not enabled by default on client versions of Windows
#
# If you would like to submit a bug report, please visit:
#   https://youtrack.jetbrains.com/issues/JBR
#

---------------  S U M M A R Y ------------

Command Line: -Dfile.encoding=windows-1252 -Duser.country=ES -Duser.language=es -Duser.variant sapphire.SapphireMain

Host: 11th Gen Intel(R) Core(TM) i5-1135G7 @ 2.40GHz, 8 cores, 15G,  Windows 10 , 64 bit Build 19041 (10.0.19041.2546)
Time: Tue Feb 21 16:12:25 2023 Hora estándar romance elapsed time: 1.573010 seconds (0d 0h 0m 1s)

---------------  T H R E A D  ---------------

Current thread (0x00000260d55fd8e0):  VMThread "VM Thread" [stack: 0x000000de2da00000,0x000000de2db00000] [id=10488]

Stack: [0x000000de2da00000,0x000000de2db00000],  sp=0x000000de2dafe2a0,  free space=1016k
Native frames: (J=compiled Java code, j=interpreted, Vv=VM code, C=native code)
C  [igxelpicd64.dll+0x2895aa]


siginfo: EXCEPTION_ACCESS_VIOLATION (0xc0000005), reading address 0x0000000000035f88


Register to memory mapping:

RIP=0x00007ff8642f95aa igxelpicd64.dll
RAX=0x00000260d8ba56f8 points into unknown readable memory: 0x00000000000012d4 | d4 12 00 00 00 00 00 00
RBX=0x0 is NULL
RCX=0x00000000000012cd is an unknown value
RDX=0x00000000fffffff0 is an unknown value
RSP=0x000000de2dafe2a0 points into unknown readable memory: 0x00000260d6a451b0 | b0 51 a4 d6 60 02 00 00
RBP=0x000000de2dafe308 points into unknown readable memory: 0x000000000000000c | 0c 00 00 00 00 00 00 00
RSI=0x00000260d8b5a230 points into unknown readable memory: 0x00000260d6abec00 | 00 ec ab d6 60 02 00 00
RDI=0x0 is NULL
R8 =0x0 is NULL
R9 =0x0 is NULL
R10=0x00000260d8ba5bc8 points into unknown readable memory: 0x00000260d8b9fa10 | 10 fa b9 d8 60 02 00 00
R11=0x0000000000000246 is an unknown value
R12=0x00000260d6be9f08 points into unknown readable memory: 0x0000000000040000 | 00 00 04 00 00 00 00 00
R13=0x0 is NULL
R14=0x00000260d8ba55f0 points into unknown readable memory: 0x00000260d6a977f0 | f0 77 a9 d6 60 02 00 00
R15=0x0000000000000016 is an unknown value


Registers:
RAX=0x00000260d8ba56f8, RBX=0x0000000000000000, RCX=0x00000000000012cd, RDX=0x00000000fffffff0
RSP=0x000000de2dafe2a0, RBP=0x000000de2dafe308, RSI=0x00000260d8b5a230, RDI=0x0000000000000000
R8 =0x0000000000000000, R9 =0x0000000000000000, R10=0x00000260d8ba5bc8, R11=0x0000000000000246
R12=0x00000260d6be9f08, R13=0x0000000000000000, R14=0x00000260d8ba55f0, R15=0x0000000000000016
RIP=0x00007ff8642f95aa, EFLAGS=0x0000000000010202

Top of Stack: (sp=0x000000de2dafe2a0)
0x000000de2dafe2a0:   00000260d6a451b0 0000000000000000
0x000000de2dafe2b0:   000000de2dafe450 00007ff8fe07d499
0x000000de2dafe2c0:   00000260d8b9fa10 0000000000000000
0x000000de2dafe2d0:   00000260d6a451b0 00000260d8ba5bc8
0x000000de2dafe2e0:   0000000000000000 00007ff8fe630ef4
0x000000de2dafe2f0:   0000000000000000 00007ff8fe61ee74
0x000000de2dafe300:   0000000000000000 000000000000000c
0x000000de2dafe310:   00000000000012dc 0000b80219600000
0x000000de2dafe320:   00000260d6be9f08 0000000000000000
0x000000de2dafe330:   0000000000000000 00000260d8b5a230
0x000000de2dafe340:   000000de2dafe450 00007ff8640f1d5f
0x000000de2dafe350:   00000260d8b5a200 0000000000000016
0x000000de2dafe360:   000000de2dafe500 00000260b4880b00
0x000000de2dafe370:   000000de00000608 0000000000000000
0x000000de2dafe380:   0000000000000000 0000000000000000
0x000000de2dafe390:   000000de2ce64000 00007ff8fe5ad23b 

Instructions: (pc=0x00007ff8642f95aa)
0x00007ff8642f94aa:   25 58 00 00 00 41 bd 20 00 00 00 48 8b 04 f8 4e
0x00007ff8642f94ba:   8b 2c 28 40 8a 7d 58 4c 3b 2d 10 be d5 00 45 0f
0x00007ff8642f94ca:   44 f8 44 89 7d 50 48 85 c9 0f 84 68 07 00 00 33
0x00007ff8642f94da:   db 4c 8b f1 4c 8d 91 d8 05 00 00 4c 89 55 d0 49
0x00007ff8642f94ea:   8b 02 48 89 45 b8 40 84 ff 74 10 48 8b d1 48 8b
0x00007ff8642f94fa:   09 e8 40 ca df ff e9 ef 06 00 00 44 8b 86 c8 01
0x00007ff8642f950a:   00 00 48 8b 05 cd 5e c5 00 83 b8 78 03 00 00 02
0x00007ff8642f951a:   0f 85 1d 02 00 00 41 8d 50 f0 41 83 f8 10 73 11
0x00007ff8642f952a:   4a 8d 04 c5 21 00 00 00 49 03 c0 48 8d 04 c1 eb
0x00007ff8642f953a:   5b 8b c2 c1 e8 04 83 f8 03 73 1f 0f ae e8 8b ca
0x00007ff8642f954a:   83 e1 0f 4d 8b 8c c6 88 05 00 00 4d 85 c9 74 21
0x00007ff8642f955a:   48 8d 0c c9 49 8d 04 c9 eb 32 48 8b 81 a0 05 00
0x00007ff8642f956a:   00 eb 09 44 39 00 74 2f 48 8b 40 50 48 85 c0 75
0x00007ff8642f957a:   f2 41 38 9e a8 05 00 00 74 23 41 8b c0 83 e0 0f
0x00007ff8642f958a:   48 8d 04 c0 48 8d 40 21 49 8d 04 c6 48 85 c0 74
0x00007ff8642f959a:   0c 48 8b 48 08 eb 09 48 83 c0 08 eb ef 48 8b cb
0x00007ff8642f95aa:   49 3b 8d 88 5f 03 00 0f 86 86 01 00 00 41 83 f8
0x00007ff8642f95ba:   10 73 0d 4a 8d 04 c5 21 00 00 00 49 03 c0 eb 55
0x00007ff8642f95ca:   8b c2 c1 e8 04 83 f8 03 73 1d 0f ae e8 83 e2 0f
0x00007ff8642f95da:   4d 8b 8c c6 88 05 00 00 4d 85 c9 74 21 48 8d 0c
0x00007ff8642f95ea:   d2 49 8d 04 c9 eb 32 49 8b 86 a0 05 00 00 eb 09
0x00007ff8642f95fa:   44 39 00 74 2f 48 8b 40 50 48 85 c0 75 f2 41 38
0x00007ff8642f960a:   9e a8 05 00 00 74 23 41 8b c0 83 e0 0f 48 8d 04
0x00007ff8642f961a:   c0 48 8d 40 21 49 8d 04 c6 48 85 c0 74 0c 48 8b
0x00007ff8642f962a:   48 08 eb 09 48 83 c0 08 eb ef 48 8b cb 49 3b 8e
0x00007ff8642f963a:   50 06 00 00 0f 86 f9 00 00 00 48 8b 86 78 02 00
0x00007ff8642f964a:   00 49 89 02 4c 89 b6 78 02 00 00 ff 86 80 02 00
0x00007ff8642f965a:   00 49 8b 46 08 48 8b 88 18 01 00 00 48 81 e1 00
0x00007ff8642f966a:   00 ff ff 48 81 c1 00 00 01 00 48 01 8e 88 02 00
0x00007ff8642f967a:   00 ba 01 00 00 00 49 8b 4e 08 e8 17 34 db ff 48
0x00007ff8642f968a:   01 86 a0 02 00 00 45 85 ff 0f 84 9a 00 00 00 49
0x00007ff8642f969a:   8b 9d 28 57 03 00 0f 57 c0 f3 0f 7f 45 d8 45 33 


Stack slot to memory mapping:
stack at sp + 0 slots: 0x00000260d6a451b0 points into unknown readable memory: 0xffffffffffffffff | ff ff ff ff ff ff ff ff
stack at sp + 1 slots: 0x0 is NULL
stack at sp + 2 slots: 0x000000de2dafe450 points into unknown readable memory: 0x0000000000000000 | 00 00 00 00 00 00 00 00
stack at sp + 3 slots: 0x00007ff8fe07d499 USER32.dll
stack at sp + 4 slots: 0x00000260d8b9fa10 points into unknown readable memory: 0x00000260d6a977f0 | f0 77 a9 d6 60 02 00 00
stack at sp + 5 slots: 0x0 is NULL
stack at sp + 6 slots: 0x00000260d6a451b0 points into unknown readable memory: 0xffffffffffffffff | ff ff ff ff ff ff ff ff
stack at sp + 7 slots: 0x00000260d8ba5bc8 points into unknown readable memory: 0x00000260d8b9fa10 | 10 fa b9 d8 60 02 00 00

VM_Operation (0x000000de2d4fe2b0): Exit, mode: safepoint, requested by thread 0x00000260b6b80a90


---------------  P R O C E S S  ---------------

Threads class SMR info:
_java_thread_list=0x00000260d621c880, length=12, elements={
0x00000260b6b80a90, 0x00000260d55fe380, 0x00000260d6037040, 0x00000260d60867b0,
0x00000260d6087470, 0x00000260d6089e30, 0x00000260d608a7e0, 0x00000260d608bd80,
0x00000260d608c820, 0x00000260d608d210, 0x00000260d62129e0, 0x00000260d621fd70
}

Java Threads: ( => current thread )
  0x00000260b6b80a90 JavaThread "main" [_thread_blocked, id=16740, stack(0x000000de2d400000,0x000000de2d500000)]
  0x00000260d55fe380 JavaThread "Reference Handler" daemon [_thread_blocked, id=17788, stack(0x000000de2db00000,0x000000de2dc00000)]
  0x00000260d6037040 JavaThread "Finalizer" daemon [_thread_blocked, id=12656, stack(0x000000de2dc00000,0x000000de2dd00000)]
  0x00000260d60867b0 JavaThread "Signal Dispatcher" daemon [_thread_blocked, id=2764, stack(0x000000de2dd00000,0x000000de2de00000)]
  0x00000260d6087470 JavaThread "Attach Listener" daemon [_thread_blocked, id=15688, stack(0x000000de2de00000,0x000000de2df00000)]
  0x00000260d6089e30 JavaThread "Service Thread" daemon [_thread_blocked, id=17228, stack(0x000000de2df00000,0x000000de2e000000)]
  0x00000260d608a7e0 JavaThread "Monitor Deflation Thread" daemon [_thread_blocked, id=15156, stack(0x000000de2e000000,0x000000de2e100000)]
  0x00000260d608bd80 JavaThread "C2 CompilerThread0" daemon [_thread_blocked, id=5744, stack(0x000000de2e100000,0x000000de2e200000)]
  0x00000260d608c820 JavaThread "C1 CompilerThread0" daemon [_thread_blocked, id=15404, stack(0x000000de2e200000,0x000000de2e300000)]
  0x00000260d608d210 JavaThread "Sweeper thread" daemon [_thread_blocked, id=18328, stack(0x000000de2e300000,0x000000de2e400000)]
  0x00000260d62129e0 JavaThread "Notification Thread" daemon [_thread_blocked, id=7524, stack(0x000000de2e400000,0x000000de2e500000)]
  0x00000260d621fd70 JavaThread "Common-Cleaner" daemon [_thread_blocked, id=15912, stack(0x000000de2e600000,0x000000de2e700000)]

Other Threads:
=>0x00000260d55fd8e0 VMThread "VM Thread" [stack: 0x000000de2da00000,0x000000de2db00000] [id=10488]
  0x00000260b6beaae0 GCTaskThread "GC Thread#0" [stack: 0x000000de2d500000,0x000000de2d600000] [id=16348]
  0x00000260b6bfb530 ConcurrentGCThread "G1 Main Marker" terminated
  0x00000260b6bfbf40 ConcurrentGCThread "G1 Conc#0" [stack: 0x000000de2d700000,0x000000de2d800000] [id=16020]
  0x00000260b6c4e8b0 ConcurrentGCThread "G1 Refine#0" terminated
  0x00000260d5487450 ConcurrentGCThread "G1 Service" terminated

Threads with active compile tasks:

VM state: at safepoint (shutting down)

VM Mutex/Monitor currently owned by a thread:  ([mutex/lock_event])
[0x00000260b6b7e6f0] Threads_lock - owner thread: 0x00000260d55fd8e0
[0x00000260b6b7d460] Heap_lock - owner thread: 0x00000260b6b80a90

Heap address: 0x0000000704e00000, size: 4018 MB, Compressed Oops mode: Zero based, Oop shift amount: 3

CDS archive(s) not mapped
Compressed class space mapped at: 0x0000000800000000-0x0000000840000000, reserved size: 1073741824
Narrow klass base: 0x0000000800000000, Narrow klass shift: 0, Narrow klass range: 0x40000000

GC Precious Log:
 CPUs: 8 total, 8 available
 Memory: 16064M
 Large Page Support: Disabled
 NUMA Support: Disabled
 Compressed Oops: Enabled (Zero based)
 Heap Region Size: 2M
 Heap Min Capacity: 8M
 Heap Initial Capacity: 252M
 Heap Max Capacity: 4018M
 Pre-touch: Disabled
 Parallel Workers: 8
 Concurrent Workers: 2
 Concurrent Refinement Workers: 8
 Periodic GC: Disabled

Heap:
 garbage-first heap   total 258048K, used 12288K [0x0000000704e00000, 0x0000000800000000)
  region size 2048K, 7 young (14336K), 0 survivors (0K)
 Metaspace       used 13212K, committed 13376K, reserved 1064960K
  class space    used 1069K, committed 1152K, reserved 1048576K

Heap Regions: E=young(eden), S=young(survivor), O=old, HS=humongous(starts), HC=humongous(continues), CS=collection set, F=free, OA=open archive, CA=closed archive, TAMS=top-at-mark-start (previous, next)
|   0|0x0000000704e00000, 0x0000000704e00000, 0x0000000705000000|  0%| F|  |TAMS 0x0000000704e00000, 0x0000000704e00000| Untracked 
|   1|0x0000000705000000, 0x0000000705000000, 0x0000000705200000|  0%| F|  |TAMS 0x0000000705000000, 0x0000000705000000| Untracked 
|   2|0x0000000705200000, 0x0000000705200000, 0x0000000705400000|  0%| F|  |TAMS 0x0000000705200000, 0x0000000705200000| Untracked 
|   3|0x0000000705400000, 0x0000000705400000, 0x0000000705600000|  0%| F|  |TAMS 0x0000000705400000, 0x0000000705400000| Untracked 
|   4|0x0000000705600000, 0x0000000705600000, 0x0000000705800000|  0%| F|  |TAMS 0x0000000705600000, 0x0000000705600000| Untracked 
|   5|0x0000000705800000, 0x0000000705800000, 0x0000000705a00000|  0%| F|  |TAMS 0x0000000705800000, 0x0000000705800000| Untracked 
|   6|0x0000000705a00000, 0x0000000705a00000, 0x0000000705c00000|  0%| F|  |TAMS 0x0000000705a00000, 0x0000000705a00000| Untracked 
|   7|0x0000000705c00000, 0x0000000705c00000, 0x0000000705e00000|  0%| F|  |TAMS 0x0000000705c00000, 0x0000000705c00000| Untracked 
|   8|0x0000000705e00000, 0x0000000705e00000, 0x0000000706000000|  0%| F|  |TAMS 0x0000000705e00000, 0x0000000705e00000| Untracked 
|   9|0x0000000706000000, 0x0000000706000000, 0x0000000706200000|  0%| F|  |TAMS 0x0000000706000000, 0x0000000706000000| Untracked 
|  10|0x0000000706200000, 0x0000000706200000, 0x0000000706400000|  0%| F|  |TAMS 0x0000000706200000, 0x0000000706200000| Untracked 
|  11|0x0000000706400000, 0x0000000706400000, 0x0000000706600000|  0%| F|  |TAMS 0x0000000706400000, 0x0000000706400000| Untracked 
|  12|0x0000000706600000, 0x0000000706600000, 0x0000000706800000|  0%| F|  |TAMS 0x0000000706600000, 0x0000000706600000| Untracked 
|  13|0x0000000706800000, 0x0000000706800000, 0x0000000706a00000|  0%| F|  |TAMS 0x0000000706800000, 0x0000000706800000| Untracked 
|  14|0x0000000706a00000, 0x0000000706a00000, 0x0000000706c00000|  0%| F|  |TAMS 0x0000000706a00000, 0x0000000706a00000| Untracked 
|  15|0x0000000706c00000, 0x0000000706c00000, 0x0000000706e00000|  0%| F|  |TAMS 0x0000000706c00000, 0x0000000706c00000| Untracked 
|  16|0x0000000706e00000, 0x0000000706e00000, 0x0000000707000000|  0%| F|  |TAMS 0x0000000706e00000, 0x0000000706e00000| Untracked 
|  17|0x0000000707000000, 0x0000000707000000, 0x0000000707200000|  0%| F|  |TAMS 0x0000000707000000, 0x0000000707000000| Untracked 
|  18|0x0000000707200000, 0x0000000707200000, 0x0000000707400000|  0%| F|  |TAMS 0x0000000707200000, 0x0000000707200000| Untracked 
|  19|0x0000000707400000, 0x0000000707400000, 0x0000000707600000|  0%| F|  |TAMS 0x0000000707400000, 0x0000000707400000| Untracked 
|  20|0x0000000707600000, 0x0000000707600000, 0x0000000707800000|  0%| F|  |TAMS 0x0000000707600000, 0x0000000707600000| Untracked 
|  21|0x0000000707800000, 0x0000000707800000, 0x0000000707a00000|  0%| F|  |TAMS 0x0000000707800000, 0x0000000707800000| Untracked 
|  22|0x0000000707a00000, 0x0000000707a00000, 0x0000000707c00000|  0%| F|  |TAMS 0x0000000707a00000, 0x0000000707a00000| Untracked 
|  23|0x0000000707c00000, 0x0000000707c00000, 0x0000000707e00000|  0%| F|  |TAMS 0x0000000707c00000, 0x0000000707c00000| Untracked 
|  24|0x0000000707e00000, 0x0000000707e00000, 0x0000000708000000|  0%| F|  |TAMS 0x0000000707e00000, 0x0000000707e00000| Untracked 
|  25|0x0000000708000000, 0x0000000708000000, 0x0000000708200000|  0%| F|  |TAMS 0x0000000708000000, 0x0000000708000000| Untracked 
|  26|0x0000000708200000, 0x0000000708200000, 0x0000000708400000|  0%| F|  |TAMS 0x0000000708200000, 0x0000000708200000| Untracked 
|  27|0x0000000708400000, 0x0000000708400000, 0x0000000708600000|  0%| F|  |TAMS 0x0000000708400000, 0x0000000708400000| Untracked 
|  28|0x0000000708600000, 0x0000000708600000, 0x0000000708800000|  0%| F|  |TAMS 0x0000000708600000, 0x0000000708600000| Untracked 
|  29|0x0000000708800000, 0x0000000708800000, 0x0000000708a00000|  0%| F|  |TAMS 0x0000000708800000, 0x0000000708800000| Untracked 
|  30|0x0000000708a00000, 0x0000000708a00000, 0x0000000708c00000|  0%| F|  |TAMS 0x0000000708a00000, 0x0000000708a00000| Untracked 
|  31|0x0000000708c00000, 0x0000000708c00000, 0x0000000708e00000|  0%| F|  |TAMS 0x0000000708c00000, 0x0000000708c00000| Untracked 
|  32|0x0000000708e00000, 0x0000000708e00000, 0x0000000709000000|  0%| F|  |TAMS 0x0000000708e00000, 0x0000000708e00000| Untracked 
|  33|0x0000000709000000, 0x0000000709000000, 0x0000000709200000|  0%| F|  |TAMS 0x0000000709000000, 0x0000000709000000| Untracked 
|  34|0x0000000709200000, 0x0000000709200000, 0x0000000709400000|  0%| F|  |TAMS 0x0000000709200000, 0x0000000709200000| Untracked 
|  35|0x0000000709400000, 0x0000000709400000, 0x0000000709600000|  0%| F|  |TAMS 0x0000000709400000, 0x0000000709400000| Untracked 
|  36|0x0000000709600000, 0x0000000709600000, 0x0000000709800000|  0%| F|  |TAMS 0x0000000709600000, 0x0000000709600000| Untracked 
|  37|0x0000000709800000, 0x0000000709800000, 0x0000000709a00000|  0%| F|  |TAMS 0x0000000709800000, 0x0000000709800000| Untracked 
|  38|0x0000000709a00000, 0x0000000709a00000, 0x0000000709c00000|  0%| F|  |TAMS 0x0000000709a00000, 0x0000000709a00000| Untracked 
|  39|0x0000000709c00000, 0x0000000709c00000, 0x0000000709e00000|  0%| F|  |TAMS 0x0000000709c00000, 0x0000000709c00000| Untracked 
|  40|0x0000000709e00000, 0x0000000709e00000, 0x000000070a000000|  0%| F|  |TAMS 0x0000000709e00000, 0x0000000709e00000| Untracked 
|  41|0x000000070a000000, 0x000000070a000000, 0x000000070a200000|  0%| F|  |TAMS 0x000000070a000000, 0x000000070a000000| Untracked 
|  42|0x000000070a200000, 0x000000070a200000, 0x000000070a400000|  0%| F|  |TAMS 0x000000070a200000, 0x000000070a200000| Untracked 
|  43|0x000000070a400000, 0x000000070a400000, 0x000000070a600000|  0%| F|  |TAMS 0x000000070a400000, 0x000000070a400000| Untracked 
|  44|0x000000070a600000, 0x000000070a600000, 0x000000070a800000|  0%| F|  |TAMS 0x000000070a600000, 0x000000070a600000| Untracked 
|  45|0x000000070a800000, 0x000000070a800000, 0x000000070aa00000|  0%| F|  |TAMS 0x000000070a800000, 0x000000070a800000| Untracked 
|  46|0x000000070aa00000, 0x000000070aa00000, 0x000000070ac00000|  0%| F|  |TAMS 0x000000070aa00000, 0x000000070aa00000| Untracked 
|  47|0x000000070ac00000, 0x000000070ac00000, 0x000000070ae00000|  0%| F|  |TAMS 0x000000070ac00000, 0x000000070ac00000| Untracked 
|  48|0x000000070ae00000, 0x000000070ae00000, 0x000000070b000000|  0%| F|  |TAMS 0x000000070ae00000, 0x000000070ae00000| Untracked 
|  49|0x000000070b000000, 0x000000070b000000, 0x000000070b200000|  0%| F|  |TAMS 0x000000070b000000, 0x000000070b000000| Untracked 
|  50|0x000000070b200000, 0x000000070b200000, 0x000000070b400000|  0%| F|  |TAMS 0x000000070b200000, 0x000000070b200000| Untracked 
|  51|0x000000070b400000, 0x000000070b400000, 0x000000070b600000|  0%| F|  |TAMS 0x000000070b400000, 0x000000070b400000| Untracked 
|  52|0x000000070b600000, 0x000000070b600000, 0x000000070b800000|  0%| F|  |TAMS 0x000000070b600000, 0x000000070b600000| Untracked 
|  53|0x000000070b800000, 0x000000070b800000, 0x000000070ba00000|  0%| F|  |TAMS 0x000000070b800000, 0x000000070b800000| Untracked 
|  54|0x000000070ba00000, 0x000000070ba00000, 0x000000070bc00000|  0%| F|  |TAMS 0x000000070ba00000, 0x000000070ba00000| Untracked 
|  55|0x000000070bc00000, 0x000000070bc00000, 0x000000070be00000|  0%| F|  |TAMS 0x000000070bc00000, 0x000000070bc00000| Untracked 
|  56|0x000000070be00000, 0x000000070be00000, 0x000000070c000000|  0%| F|  |TAMS 0x000000070be00000, 0x000000070be00000| Untracked 
|  57|0x000000070c000000, 0x000000070c000000, 0x000000070c200000|  0%| F|  |TAMS 0x000000070c000000, 0x000000070c000000| Untracked 
|  58|0x000000070c200000, 0x000000070c200000, 0x000000070c400000|  0%| F|  |TAMS 0x000000070c200000, 0x000000070c200000| Untracked 
|  59|0x000000070c400000, 0x000000070c400000, 0x000000070c600000|  0%| F|  |TAMS 0x000000070c400000, 0x000000070c400000| Untracked 
|  60|0x000000070c600000, 0x000000070c600000, 0x000000070c800000|  0%| F|  |TAMS 0x000000070c600000, 0x000000070c600000| Untracked 
|  61|0x000000070c800000, 0x000000070c800000, 0x000000070ca00000|  0%| F|  |TAMS 0x000000070c800000, 0x000000070c800000| Untracked 
|  62|0x000000070ca00000, 0x000000070ca00000, 0x000000070cc00000|  0%| F|  |TAMS 0x000000070ca00000, 0x000000070ca00000| Untracked 
|  63|0x000000070cc00000, 0x000000070cc00000, 0x000000070ce00000|  0%| F|  |TAMS 0x000000070cc00000, 0x000000070cc00000| Untracked 
|  64|0x000000070ce00000, 0x000000070ce00000, 0x000000070d000000|  0%| F|  |TAMS 0x000000070ce00000, 0x000000070ce00000| Untracked 
|  65|0x000000070d000000, 0x000000070d000000, 0x000000070d200000|  0%| F|  |TAMS 0x000000070d000000, 0x000000070d000000| Untracked 
|  66|0x000000070d200000, 0x000000070d200000, 0x000000070d400000|  0%| F|  |TAMS 0x000000070d200000, 0x000000070d200000| Untracked 
|  67|0x000000070d400000, 0x000000070d400000, 0x000000070d600000|  0%| F|  |TAMS 0x000000070d400000, 0x000000070d400000| Untracked 
|  68|0x000000070d600000, 0x000000070d600000, 0x000000070d800000|  0%| F|  |TAMS 0x000000070d600000, 0x000000070d600000| Untracked 
|  69|0x000000070d800000, 0x000000070d800000, 0x000000070da00000|  0%| F|  |TAMS 0x000000070d800000, 0x000000070d800000| Untracked 
|  70|0x000000070da00000, 0x000000070da00000, 0x000000070dc00000|  0%| F|  |TAMS 0x000000070da00000, 0x000000070da00000| Untracked 
|  71|0x000000070dc00000, 0x000000070dc00000, 0x000000070de00000|  0%| F|  |TAMS 0x000000070dc00000, 0x000000070dc00000| Untracked 
|  72|0x000000070de00000, 0x000000070de00000, 0x000000070e000000|  0%| F|  |TAMS 0x000000070de00000, 0x000000070de00000| Untracked 
|  73|0x000000070e000000, 0x000000070e000000, 0x000000070e200000|  0%| F|  |TAMS 0x000000070e000000, 0x000000070e000000| Untracked 
|  74|0x000000070e200000, 0x000000070e200000, 0x000000070e400000|  0%| F|  |TAMS 0x000000070e200000, 0x000000070e200000| Untracked 
|  75|0x000000070e400000, 0x000000070e400000, 0x000000070e600000|  0%| F|  |TAMS 0x000000070e400000, 0x000000070e400000| Untracked 
|  76|0x000000070e600000, 0x000000070e600000, 0x000000070e800000|  0%| F|  |TAMS 0x000000070e600000, 0x000000070e600000| Untracked 
|  77|0x000000070e800000, 0x000000070e800000, 0x000000070ea00000|  0%| F|  |TAMS 0x000000070e800000, 0x000000070e800000| Untracked 
|  78|0x000000070ea00000, 0x000000070ea00000, 0x000000070ec00000|  0%| F|  |TAMS 0x000000070ea00000, 0x000000070ea00000| Untracked 
|  79|0x000000070ec00000, 0x000000070ec00000, 0x000000070ee00000|  0%| F|  |TAMS 0x000000070ec00000, 0x000000070ec00000| Untracked 
|  80|0x000000070ee00000, 0x000000070ee00000, 0x000000070f000000|  0%| F|  |TAMS 0x000000070ee00000, 0x000000070ee00000| Untracked 
|  81|0x000000070f000000, 0x000000070f000000, 0x000000070f200000|  0%| F|  |TAMS 0x000000070f000000, 0x000000070f000000| Untracked 
|  82|0x000000070f200000, 0x000000070f200000, 0x000000070f400000|  0%| F|  |TAMS 0x000000070f200000, 0x000000070f200000| Untracked 
|  83|0x000000070f400000, 0x000000070f400000, 0x000000070f600000|  0%| F|  |TAMS 0x000000070f400000, 0x000000070f400000| Untracked 
|  84|0x000000070f600000, 0x000000070f600000, 0x000000070f800000|  0%| F|  |TAMS 0x000000070f600000, 0x000000070f600000| Untracked 
|  85|0x000000070f800000, 0x000000070f800000, 0x000000070fa00000|  0%| F|  |TAMS 0x000000070f800000, 0x000000070f800000| Untracked 
|  86|0x000000070fa00000, 0x000000070fa00000, 0x000000070fc00000|  0%| F|  |TAMS 0x000000070fa00000, 0x000000070fa00000| Untracked 
|  87|0x000000070fc00000, 0x000000070fc00000, 0x000000070fe00000|  0%| F|  |TAMS 0x000000070fc00000, 0x000000070fc00000| Untracked 
|  88|0x000000070fe00000, 0x000000070fe00000, 0x0000000710000000|  0%| F|  |TAMS 0x000000070fe00000, 0x000000070fe00000| Untracked 
|  89|0x0000000710000000, 0x0000000710000000, 0x0000000710200000|  0%| F|  |TAMS 0x0000000710000000, 0x0000000710000000| Untracked 
|  90|0x0000000710200000, 0x0000000710200000, 0x0000000710400000|  0%| F|  |TAMS 0x0000000710200000, 0x0000000710200000| Untracked 
|  91|0x0000000710400000, 0x0000000710400000, 0x0000000710600000|  0%| F|  |TAMS 0x0000000710400000, 0x0000000710400000| Untracked 
|  92|0x0000000710600000, 0x0000000710600000, 0x0000000710800000|  0%| F|  |TAMS 0x0000000710600000, 0x0000000710600000| Untracked 
|  93|0x0000000710800000, 0x0000000710800000, 0x0000000710a00000|  0%| F|  |TAMS 0x0000000710800000, 0x0000000710800000| Untracked 
|  94|0x0000000710a00000, 0x0000000710a00000, 0x0000000710c00000|  0%| F|  |TAMS 0x0000000710a00000, 0x0000000710a00000| Untracked 
|  95|0x0000000710c00000, 0x0000000710c00000, 0x0000000710e00000|  0%| F|  |TAMS 0x0000000710c00000, 0x0000000710c00000| Untracked 
|  96|0x0000000710e00000, 0x0000000710e00000, 0x0000000711000000|  0%| F|  |TAMS 0x0000000710e00000, 0x0000000710e00000| Untracked 
|  97|0x0000000711000000, 0x0000000711000000, 0x0000000711200000|  0%| F|  |TAMS 0x0000000711000000, 0x0000000711000000| Untracked 
|  98|0x0000000711200000, 0x0000000711200000, 0x0000000711400000|  0%| F|  |TAMS 0x0000000711200000, 0x0000000711200000| Untracked 
|  99|0x0000000711400000, 0x0000000711400000, 0x0000000711600000|  0%| F|  |TAMS 0x0000000711400000, 0x0000000711400000| Untracked 
| 100|0x0000000711600000, 0x0000000711600000, 0x0000000711800000|  0%| F|  |TAMS 0x0000000711600000, 0x0000000711600000| Untracked 
| 101|0x0000000711800000, 0x0000000711800000, 0x0000000711a00000|  0%| F|  |TAMS 0x0000000711800000, 0x0000000711800000| Untracked 
| 102|0x0000000711a00000, 0x0000000711a00000, 0x0000000711c00000|  0%| F|  |TAMS 0x0000000711a00000, 0x0000000711a00000| Untracked 
| 103|0x0000000711c00000, 0x0000000711c00000, 0x0000000711e00000|  0%| F|  |TAMS 0x0000000711c00000, 0x0000000711c00000| Untracked 
| 104|0x0000000711e00000, 0x0000000711e00000, 0x0000000712000000|  0%| F|  |TAMS 0x0000000711e00000, 0x0000000711e00000| Untracked 
| 105|0x0000000712000000, 0x0000000712000000, 0x0000000712200000|  0%| F|  |TAMS 0x0000000712000000, 0x0000000712000000| Untracked 
| 106|0x0000000712200000, 0x0000000712200000, 0x0000000712400000|  0%| F|  |TAMS 0x0000000712200000, 0x0000000712200000| Untracked 
| 107|0x0000000712400000, 0x0000000712400000, 0x0000000712600000|  0%| F|  |TAMS 0x0000000712400000, 0x0000000712400000| Untracked 
| 108|0x0000000712600000, 0x0000000712600000, 0x0000000712800000|  0%| F|  |TAMS 0x0000000712600000, 0x0000000712600000| Untracked 
| 109|0x0000000712800000, 0x0000000712800000, 0x0000000712a00000|  0%| F|  |TAMS 0x0000000712800000, 0x0000000712800000| Untracked 
| 110|0x0000000712a00000, 0x0000000712a00000, 0x0000000712c00000|  0%| F|  |TAMS 0x0000000712a00000, 0x0000000712a00000| Untracked 
| 111|0x0000000712c00000, 0x0000000712c00000, 0x0000000712e00000|  0%| F|  |TAMS 0x0000000712c00000, 0x0000000712c00000| Untracked 
| 112|0x0000000712e00000, 0x0000000712e00000, 0x0000000713000000|  0%| F|  |TAMS 0x0000000712e00000, 0x0000000712e00000| Untracked 
| 113|0x0000000713000000, 0x0000000713000000, 0x0000000713200000|  0%| F|  |TAMS 0x0000000713000000, 0x0000000713000000| Untracked 
| 114|0x0000000713200000, 0x0000000713200000, 0x0000000713400000|  0%| F|  |TAMS 0x0000000713200000, 0x0000000713200000| Untracked 
| 115|0x0000000713400000, 0x0000000713400000, 0x0000000713600000|  0%| F|  |TAMS 0x0000000713400000, 0x0000000713400000| Untracked 
| 116|0x0000000713600000, 0x0000000713600000, 0x0000000713800000|  0%| F|  |TAMS 0x0000000713600000, 0x0000000713600000| Untracked 
| 117|0x0000000713800000, 0x0000000713800000, 0x0000000713a00000|  0%| F|  |TAMS 0x0000000713800000, 0x0000000713800000| Untracked 
| 118|0x0000000713a00000, 0x0000000713a00000, 0x0000000713c00000|  0%| F|  |TAMS 0x0000000713a00000, 0x0000000713a00000| Untracked 
| 119|0x0000000713c00000, 0x0000000713e00000, 0x0000000713e00000|100%| E|  |TAMS 0x0000000713c00000, 0x0000000713c00000| Complete 
| 120|0x0000000713e00000, 0x0000000714000000, 0x0000000714000000|100%| E|CS|TAMS 0x0000000713e00000, 0x0000000713e00000| Complete 
| 121|0x0000000714000000, 0x0000000714200000, 0x0000000714200000|100%| E|CS|TAMS 0x0000000714000000, 0x0000000714000000| Complete 
| 122|0x0000000714200000, 0x0000000714400000, 0x0000000714400000|100%| E|CS|TAMS 0x0000000714200000, 0x0000000714200000| Complete 
| 123|0x0000000714400000, 0x0000000714600000, 0x0000000714600000|100%| E|CS|TAMS 0x0000000714400000, 0x0000000714400000| Complete 
| 124|0x0000000714600000, 0x0000000714800000, 0x0000000714800000|100%| E|CS|TAMS 0x0000000714600000, 0x0000000714600000| Complete 
| 125|0x0000000714800000, 0x0000000714a00000, 0x0000000714a00000|100%| E|CS|TAMS 0x0000000714800000, 0x0000000714800000| Complete 

Card table byte_map: [0x00000260c9e10000,0x00000260ca5f0000] _byte_map_base: 0x00000260c65e9000

Marking Bits (Prev, Next): (CMBitMap*) 0x00000260b6beb0f0, (CMBitMap*) 0x00000260b6beb130
 Prev Bits: [0x00000260cadd0000, 0x00000260cec98000)
 Next Bits: [0x00000260ceca0000, 0x00000260d2b68000)

Polling page: 0x00000260b4cd0000

Metaspace:

Usage:
  Non-class:     11.86 MB used.
      Class:      1.04 MB used.
       Both:     12.90 MB used.

Virtual space:
  Non-class space:       16.00 MB reserved,      11.94 MB ( 75%) committed,  2 nodes.
      Class space:        1.00 GB reserved,       1.12 MB ( <1%) committed,  1 nodes.
             Both:        1.02 GB reserved,      13.06 MB (  1%) committed. 

Chunk freelists:
   Non-Class:  16.00 KB
       Class:  2.86 MB
        Both:  2.88 MB

MaxMetaspaceSize: unlimited
CompressedClassSpaceSize: 1.00 GB
Initial GC threshold: 21.00 MB
Current GC threshold: 21.00 MB
CDS: off
MetaspaceReclaimPolicy: balanced
 - commit_granule_bytes: 65536.
 - commit_granule_words: 8192.
 - virtual_space_node_default_size: 1048576.
 - enlarge_chunks_in_place: 1.
 - new_chunks_are_fully_committed: 0.
 - uncommit_free_chunks: 1.
 - use_allocation_guard: 0.
 - handle_deallocations: 1.


Internal statistics:

num_allocs_failed_limit: 0.
num_arena_births: 84.
num_arena_deaths: 0.
num_vsnodes_births: 3.
num_vsnodes_deaths: 0.
num_space_committed: 207.
num_space_uncommitted: 0.
num_chunks_returned_to_freelist: 0.
num_chunks_taken_from_freelist: 260.
num_chunk_merges: 0.
num_chunk_splits: 171.
num_chunks_enlarged: 125.
num_purges: 0.
num_inconsistent_stats: 0.

CodeHeap 'non-profiled nmethods': size=120000Kb used=259Kb max_used=259Kb free=119740Kb
 bounds [0x00000260c1dc0000, 0x00000260c2030000, 0x00000260c92f0000]
CodeHeap 'profiled nmethods': size=120000Kb used=1651Kb max_used=1651Kb free=118348Kb
 bounds [0x00000260ba890000, 0x00000260bab00000, 0x00000260c1dc0000]
CodeHeap 'non-nmethods': size=5760Kb used=1718Kb max_used=1726Kb free=4041Kb
 bounds [0x00000260ba2f0000, 0x00000260ba560000, 0x00000260ba890000]
 total_blobs=2104 nmethods=935 adapters=1082
 compilation: enabled
              stopped_count=0, restarted_count=0
 full_count=0

Compilation events (20 events):
Event: 1.090 Thread 0x00000260d608c820  915       1       sapphire.imgui.windows.ImguiWindow::getTitle (5 bytes)
Event: 1.090 Thread 0x00000260d608c820 nmethod 915 0x00000260c1dfdd10 code [0x00000260c1dfdea0, 0x00000260c1dfdf78]
Event: 1.105 Thread 0x00000260d608c820  916       3       org.lwjgl.opengl.GL15::glBufferData (7 bytes)
Event: 1.106 Thread 0x00000260d608c820 nmethod 916 0x00000260baa2ac10 code [0x00000260baa2ada0, 0x00000260baa2aea8]
Event: 1.106 Thread 0x00000260d608c820  917       3       org.lwjgl.opengl.GL15C::glBufferData (15 bytes)
Event: 1.106 Thread 0x00000260d608c820 nmethod 917 0x00000260baa2af90 code [0x00000260baa2b160, 0x00000260baa2b4a8]
Event: 1.172 Thread 0x00000260d608c820  919       3       org.lwjgl.system.Checks::checkSafe (11 bytes)
Event: 1.172 Thread 0x00000260d608c820 nmethod 919 0x00000260baa2b690 code [0x00000260baa2b840, 0x00000260baa2ba28]
Event: 1.188 Thread 0x00000260d608c820  920       1       sapphire.imgui.windows.ImguiWindow::isActive (5 bytes)
Event: 1.188 Thread 0x00000260d608c820 nmethod 920 0x00000260c1dfe410 code [0x00000260c1dfe5a0, 0x00000260c1dfe678]
Event: 1.188 Thread 0x00000260d608c820  921       3       org.lwjgl.opengl.GL11::glDisable (5 bytes)
Event: 1.189 Thread 0x00000260d608c820 nmethod 921 0x00000260baa2bb10 code [0x00000260baa2bca0, 0x00000260baa2bda8]
Event: 1.204 Thread 0x00000260d608c820  923       3       org.lwjgl.opengl.GL11::glBindTexture (6 bytes)
Event: 1.204 Thread 0x00000260d608c820 nmethod 923 0x00000260baa2be90 code [0x00000260baa2c020, 0x00000260baa2c128]
Event: 1.204 Thread 0x00000260d608c820  925       3       org.lwjgl.opengl.GL11::glScissor (8 bytes)
Event: 1.204 Thread 0x00000260d608c820 nmethod 925 0x00000260baa2c210 code [0x00000260baa2c3a0, 0x00000260baa2c4a8]
Event: 1.289 Thread 0x00000260d608c820  933       3       org.lwjgl.opengl.GL32::glDrawElementsBaseVertex (10 bytes)
Event: 1.289 Thread 0x00000260d608c820 nmethod 933 0x00000260baa2c590 code [0x00000260baa2c720, 0x00000260baa2c828]
Event: 1.289 Thread 0x00000260d608c820  934       3       org.lwjgl.opengl.GL32C::glDrawElementsBaseVertex (10 bytes)
Event: 1.289 Thread 0x00000260d608c820 nmethod 934 0x00000260baa2c910 code [0x00000260baa2caa0, 0x00000260baa2cba8]

GC Heap History (0 events):
No events

Dll operation events (2 events):
Event: 0.005 Loaded shared library C:\Program Files\JetBrains\IntelliJ IDEA Community Edition 2022.3.2\jbr\bin\java.dll
Event: 0.584 Loaded shared library C:\Program Files\JetBrains\IntelliJ IDEA Community Edition 2022.3.2\jbr\bin\verify.dll

Deoptimization events (20 events):
Event: 0.176 Thread 0x00000260b6b80a90 DEOPT PACKING pc=0x00000260c1dc6364 sp=0x000000de2d4fc270
Event: 0.176 Thread 0x00000260b6b80a90 DEOPT UNPACKING pc=0x00000260ba345ba3 sp=0x000000de2d4fc1f8 mode 2
Event: 0.244 Thread 0x00000260b6b80a90 Uncommon trap: trap_request=0xffffff45 fr.pc=0x00000260c1dc7f68 relative=0x0000000000000448
Event: 0.244 Thread 0x00000260b6b80a90 Uncommon trap: reason=unstable_if action=reinterpret pc=0x00000260c1dc7f68 method=java.lang.StringLatin1.canEncode(I)Z @ 4 c2
Event: 0.244 Thread 0x00000260b6b80a90 DEOPT PACKING pc=0x00000260c1dc7f68 sp=0x000000de2d4fecc0
Event: 0.244 Thread 0x00000260b6b80a90 DEOPT UNPACKING pc=0x00000260ba345ba3 sp=0x000000de2d4febe8 mode 2
Event: 0.244 Thread 0x00000260b6b80a90 Uncommon trap: trap_request=0xffffff45 fr.pc=0x00000260c1dc8f50 relative=0x0000000000000430
Event: 0.244 Thread 0x00000260b6b80a90 Uncommon trap: reason=unstable_if action=reinterpret pc=0x00000260c1dc8f50 method=java.lang.AbstractStringBuilder.isLatin1()Z @ 10 c2
Event: 0.244 Thread 0x00000260b6b80a90 DEOPT PACKING pc=0x00000260c1dc8f50 sp=0x000000de2d4fece0
Event: 0.244 Thread 0x00000260b6b80a90 DEOPT UNPACKING pc=0x00000260ba345ba3 sp=0x000000de2d4fec60 mode 2
Event: 0.244 Thread 0x00000260b6b80a90 Uncommon trap: trap_request=0xffffff45 fr.pc=0x00000260c1dd695c relative=0x000000000000005c
Event: 0.244 Thread 0x00000260b6b80a90 Uncommon trap: reason=unstable_if action=reinterpret pc=0x00000260c1dd695c method=java.lang.AbstractStringBuilder.isLatin1()Z @ 10 c2
Event: 0.244 Thread 0x00000260b6b80a90 DEOPT PACKING pc=0x00000260c1dd695c sp=0x000000de2d4fecc0
Event: 0.244 Thread 0x00000260b6b80a90 DEOPT UNPACKING pc=0x00000260ba345ba3 sp=0x000000de2d4fec50 mode 2
Event: 0.252 Thread 0x00000260b6b80a90 Uncommon trap: trap_request=0xffffff45 fr.pc=0x00000260c1de25bc relative=0x000000000000041c
Event: 0.252 Thread 0x00000260b6b80a90 Uncommon trap: reason=unstable_if action=reinterpret pc=0x00000260c1de25bc method=java.lang.StringLatin1.newString([BII)Ljava/lang/String; @ 1 c2
Event: 0.252 Thread 0x00000260b6b80a90 DEOPT PACKING pc=0x00000260c1de25bc sp=0x000000de2d4fe960
Event: 0.252 Thread 0x00000260b6b80a90 DEOPT UNPACKING pc=0x00000260ba345ba3 sp=0x000000de2d4fe940 mode 2
Event: 0.296 Thread 0x00000260b6b80a90 DEOPT PACKING pc=0x00000260ba8c5365 sp=0x000000de2d4fcde0
Event: 0.296 Thread 0x00000260b6b80a90 DEOPT UNPACKING pc=0x00000260ba3466e3 sp=0x000000de2d4fc230 mode 0

Classes unloaded (0 events):
No events

Classes redefined (0 events):
No events

Internal exceptions (20 events):
Event: 0.199 Thread 0x00000260b6b80a90 Exception <a 'java/lang/NoSuchMethodError'{0x000000071447d448}: 'int java.lang.invoke.DirectMethodHandle$Holder.invokeStaticInit(java.lang.Object, java.lang.Object, long, long)'> (0x000000071447d448) 
thrown [s\src\hotspot\share\interpreter\linkResolver.cpp, line 771]
Event: 0.199 Thread 0x00000260b6b80a90 Exception <a 'java/lang/NoSuchMethodError'{0x0000000714483558}: 'java.lang.Object java.lang.invoke.DirectMethodHandle$Holder.newInvokeSpecial(java.lang.Object, java.lang.Object, long)'> (0x0000000714483558) 
thrown [s\src\hotspot\share\interpreter\linkResolver.cpp, line 771]
Event: 0.200 Thread 0x00000260b6b80a90 Exception <a 'java/lang/NoSuchMethodError'{0x00000007144875a0}: 'java.lang.Object java.lang.invoke.Invokers$Holder.linkToTargetMethod(java.lang.Object, long, java.lang.Object)'> (0x00000007144875a0) 
thrown [s\src\hotspot\share\interpreter\linkResolver.cpp, line 771]
Event: 0.200 Thread 0x00000260b6b80a90 Exception <a 'java/lang/NoSuchMethodError'{0x000000071448ecb8}: 'int java.lang.invoke.DirectMethodHandle$Holder.invokeStaticInit(java.lang.Object, java.lang.Object, java.lang.Object, long)'> (0x000000071448ecb8) 
thrown [s\src\hotspot\share\interpreter\linkResolver.cpp, line 771]
Event: 0.310 Thread 0x00000260b6b80a90 Exception <a 'sun/nio/fs/WindowsException'{0x00000007140bc840}> (0x00000007140bc840) 
thrown [s\src\hotspot\share\prims\jni.cpp, line 517]
Event: 0.310 Thread 0x00000260b6b80a90 Exception <a 'sun/nio/fs/WindowsException'{0x00000007140bcc20}> (0x00000007140bcc20) 
thrown [s\src\hotspot\share\prims\jni.cpp, line 517]
Event: 0.380 Thread 0x00000260b6b80a90 Exception <a 'java/lang/NoSuchMethodError'{0x0000000714116418}: 'void java.lang.invoke.DirectMethodHandle$Holder.invokeStatic(java.lang.Object, long, int, int)'> (0x0000000714116418) 
thrown [s\src\hotspot\share\interpreter\linkResolver.cpp, line 771]
Event: 0.391 Thread 0x00000260b6b80a90 Exception <a 'sun/nio/fs/WindowsException'{0x000000071414ba00}> (0x000000071414ba00) 
thrown [s\src\hotspot\share\prims\jni.cpp, line 517]
Event: 0.392 Thread 0x00000260b6b80a90 Exception <a 'sun/nio/fs/WindowsException'{0x000000071414bdf0}> (0x000000071414bdf0) 
thrown [s\src\hotspot\share\prims\jni.cpp, line 517]
Event: 0.506 Thread 0x00000260b6b80a90 Exception <a 'java/lang/NoSuchMethodError'{0x0000000714182f80}: 'java.lang.Object java.lang.invoke.DirectMethodHandle$Holder.newInvokeSpecial(java.lang.Object, long)'> (0x0000000714182f80) 
thrown [s\src\hotspot\share\interpreter\linkResolver.cpp, line 771]
Event: 0.515 Thread 0x00000260b6b80a90 Exception <a 'sun/nio/fs/WindowsException'{0x00000007141d3c50}> (0x00000007141d3c50) 
thrown [s\src\hotspot\share\prims\jni.cpp, line 517]
Event: 0.515 Thread 0x00000260b6b80a90 Exception <a 'sun/nio/fs/WindowsException'{0x00000007141d4068}> (0x00000007141d4068) 
thrown [s\src\hotspot\share\prims\jni.cpp, line 517]
Event: 0.517 Thread 0x00000260b6b80a90 Exception <a 'sun/nio/fs/WindowsException'{0x00000007141dc660}> (0x00000007141dc660) 
thrown [s\src\hotspot\share\prims\jni.cpp, line 517]
Event: 0.517 Thread 0x00000260b6b80a90 Exception <a 'sun/nio/fs/WindowsException'{0x00000007141dc9b0}> (0x00000007141dc9b0) 
thrown [s\src\hotspot\share\prims\jni.cpp, line 517]
Event: 0.602 Thread 0x00000260b6b80a90 Exception <a 'sun/nio/fs/WindowsException'{0x0000000713ce80c0}> (0x0000000713ce80c0) 
thrown [s\src\hotspot\share\prims\jni.cpp, line 517]
Event: 0.659 Thread 0x00000260b6b80a90 Exception <a 'sun/nio/fs/WindowsException'{0x0000000713d46dc8}> (0x0000000713d46dc8) 
thrown [s\src\hotspot\share\prims\jni.cpp, line 517]
Event: 0.666 Thread 0x00000260b6b80a90 Exception <a 'java/lang/NoSuchMethodError'{0x0000000713d79d08}: 'void java.lang.invoke.DirectMethodHandle$Holder.invokeVirtual(java.lang.Object, java.lang.Object, long, int)'> (0x0000000713d79d08) 
thrown [s\src\hotspot\share\interpreter\linkResolver.cpp, line 771]
Event: 0.667 Thread 0x00000260b6b80a90 Exception <a 'java/lang/NoSuchMethodError'{0x0000000713d8b040}: 'void java.lang.invoke.DirectMethodHandle$Holder.invokeVirtual(java.lang.Object, java.lang.Object, long, int, int, int)'> (0x0000000713d8b040) 
thrown [s\src\hotspot\share\interpreter\linkResolver.cpp, line 771]
Event: 0.668 Thread 0x00000260b6b80a90 Exception <a 'java/lang/NoSuchMethodError'{0x0000000713d90b48}: 'void java.lang.invoke.DirectMethodHandle$Holder.invokeVirtual(java.lang.Object, java.lang.Object, long, double, double)'> (0x0000000713d90b48) 
thrown [s\src\hotspot\share\interpreter\linkResolver.cpp, line 771]
Event: 0.668 Thread 0x00000260b6b80a90 Exception <a 'java/lang/NoSuchMethodError'{0x0000000713d96788}: 'void java.lang.invoke.DirectMethodHandle$Holder.invokeVirtual(java.lang.Object, java.lang.Object, long, int, int, int, int)'> (0x0000000713d96788) 
thrown [s\src\hotspot\share\interpreter\linkResolver.cpp, line 771]

VM Operations (7 events):
Event: 0.099 Executing VM operation: HandshakeAllThreads
Event: 0.099 Executing VM operation: HandshakeAllThreads done
Event: 0.176 Executing VM operation: HandshakeAllThreads
Event: 0.176 Executing VM operation: HandshakeAllThreads done
Event: 0.636 Executing VM operation: HandshakeAllThreads
Event: 0.636 Executing VM operation: HandshakeAllThreads done
Event: 1.560 Executing VM operation: Exit

Events (20 events):
Event: 0.602 loading class java/nio/file/StandardCopyOption done
Event: 0.636 loading class java/io/DeleteOnExitHook
Event: 0.636 loading class java/io/DeleteOnExitHook done
Event: 0.636 loading class java/util/LinkedHashSet
Event: 0.636 loading class java/util/LinkedHashSet done
Event: 0.636 loading class java/io/DeleteOnExitHook$1
Event: 0.636 loading class java/io/DeleteOnExitHook$1 done
Event: 0.636 loading class java/lang/Shutdown
Event: 0.636 loading class java/lang/Shutdown done
Event: 0.636 loading class java/lang/Shutdown$Lock
Event: 0.636 loading class java/lang/Shutdown$Lock done
Event: 0.653 Loaded shared library C:\Users\santiago.barreiro\AppData\Local\Temp\imgui-java-natives_1676992344100\imgui-java64.dll
Event: 0.659 loading class java/nio/file/FileAlreadyExistsException
Event: 0.659 loading class java/nio/file/FileAlreadyExistsException done
Event: 1.559 loading class java/lang/Throwable$WrappedPrintStream
Event: 1.559 loading class java/lang/Throwable$PrintStreamOrWriter
Event: 1.559 loading class java/lang/Throwable$PrintStreamOrWriter done
Event: 1.559 loading class java/lang/Throwable$WrappedPrintStream done
Event: 1.559 loading class java/lang/StackTraceElement$HashedModules
Event: 1.559 loading class java/lang/StackTraceElement$HashedModules done


Dynamic libraries:
0x00007ff613990000 - 0x00007ff61399a000 	C:\Program Files\JetBrains\IntelliJ IDEA Community Edition 2022.3.2\jbr\bin\java.exe
0x00007ff8fe590000 - 0x00007ff8fe788000 	C:\windows\SYSTEM32\ntdll.dll
0x00007ff8fe210000 - 0x00007ff8fe2cf000 	C:\windows\System32\KERNEL32.DLL
0x00007ff8fbed0000 - 0x00007ff8fc1a2000 	C:\windows\System32\KERNELBASE.dll
0x00007ff8fc1b0000 - 0x00007ff8fc2b0000 	C:\windows\System32\ucrtbase.dll
0x00007ff8d3860000 - 0x00007ff8d387b000 	C:\Program Files\JetBrains\IntelliJ IDEA Community Edition 2022.3.2\jbr\bin\VCRUNTIME140.dll
0x00007ff8ddef0000 - 0x00007ff8ddf07000 	C:\Program Files\JetBrains\IntelliJ IDEA Community Edition 2022.3.2\jbr\bin\jli.dll
0x00007ff8fe060000 - 0x00007ff8fe201000 	C:\windows\System32\USER32.dll
0x00007ff8fbe10000 - 0x00007ff8fbe32000 	C:\windows\System32\win32u.dll
0x00007ff8ef820000 - 0x00007ff8efaba000 	C:\windows\WinSxS\amd64_microsoft.windows.common-controls_6595b64144ccf1df_6.0.19041.1110_none_60b5254171f9507e\COMCTL32.dll
0x00007ff8fc780000 - 0x00007ff8fc7ab000 	C:\windows\System32\GDI32.dll
0x00007ff8fd900000 - 0x00007ff8fd99e000 	C:\windows\System32\msvcrt.dll
0x00007ff8fc370000 - 0x00007ff8fc47f000 	C:\windows\System32\gdi32full.dll
0x00007ff8fc480000 - 0x00007ff8fc51d000 	C:\windows\System32\msvcp_win.dll
0x00007ff8fda10000 - 0x00007ff8fda42000 	C:\windows\System32\IMM32.DLL
0x00007ff8dde00000 - 0x00007ff8dde0c000 	C:\Program Files\JetBrains\IntelliJ IDEA Community Edition 2022.3.2\jbr\bin\vcruntime140_1.dll
0x00007ff8ca200000 - 0x00007ff8ca28d000 	C:\Program Files\JetBrains\IntelliJ IDEA Community Edition 2022.3.2\jbr\bin\msvcp140.dll
0x00007ff8b2950000 - 0x00007ff8b35bb000 	C:\Program Files\JetBrains\IntelliJ IDEA Community Edition 2022.3.2\jbr\bin\server\jvm.dll
0x00007ff8fcb10000 - 0x00007ff8fcbbe000 	C:\windows\System32\ADVAPI32.dll
0x00007ff8fd860000 - 0x00007ff8fd8fc000 	C:\windows\System32\sechost.dll
0x00007ff8fe420000 - 0x00007ff8fe545000 	C:\windows\System32\RPCRT4.dll
0x00007ff8d89d0000 - 0x00007ff8d89d9000 	C:\windows\SYSTEM32\WSOCK32.dll
0x00007ff8fd9a0000 - 0x00007ff8fda0b000 	C:\windows\System32\WS2_32.dll
0x00007ff8f2bb0000 - 0x00007ff8f2bba000 	C:\windows\SYSTEM32\VERSION.dll
0x00007ff8d81d0000 - 0x00007ff8d81f7000 	C:\windows\SYSTEM32\WINMM.dll
0x00007ff8fa490000 - 0x00007ff8fa4a2000 	C:\windows\SYSTEM32\kernel.appcore.dll
0x00007ff8f8430000 - 0x00007ff8f843a000 	C:\Program Files\JetBrains\IntelliJ IDEA Community Edition 2022.3.2\jbr\bin\jimage.dll
0x00007ff8f9870000 - 0x00007ff8f9a54000 	C:\windows\SYSTEM32\DBGHELP.DLL
0x00007ff8e7300000 - 0x00007ff8e7335000 	C:\windows\SYSTEM32\dbgcore.DLL
0x00007ff8fbe40000 - 0x00007ff8fbec2000 	C:\windows\System32\bcryptPrimitives.dll
0x00007ff8f8400000 - 0x00007ff8f8425000 	C:\Program Files\JetBrains\IntelliJ IDEA Community Edition 2022.3.2\jbr\bin\java.dll
0x00007ff8f7d20000 - 0x00007ff8f7d38000 	C:\Program Files\JetBrains\IntelliJ IDEA Community Edition 2022.3.2\jbr\bin\zip.dll
0x00007ff8fcc30000 - 0x00007ff8fd375000 	C:\windows\System32\SHELL32.dll
0x00007ff8f9ce0000 - 0x00007ff8fa472000 	C:\windows\SYSTEM32\windows.storage.dll
0x00007ff8fd390000 - 0x00007ff8fd6e5000 	C:\windows\System32\combase.dll
0x00007ff8fb600000 - 0x00007ff8fb630000 	C:\windows\SYSTEM32\Wldp.dll
0x00007ff8fe370000 - 0x00007ff8fe41d000 	C:\windows\System32\SHCORE.dll
0x00007ff8fda60000 - 0x00007ff8fdab5000 	C:\windows\System32\shlwapi.dll
0x00007ff8fbbc0000 - 0x00007ff8fbbdf000 	C:\windows\SYSTEM32\profapi.dll
0x00007ff8f2160000 - 0x00007ff8f2179000 	C:\Program Files\JetBrains\IntelliJ IDEA Community Edition 2022.3.2\jbr\bin\net.dll
0x00007ff8f8600000 - 0x00007ff8f870c000 	C:\windows\SYSTEM32\WINHTTP.dll
0x00007ff8fb3e0000 - 0x00007ff8fb44a000 	C:\windows\system32\mswsock.dll
0x00007ff8f2140000 - 0x00007ff8f2156000 	C:\Program Files\JetBrains\IntelliJ IDEA Community Edition 2022.3.2\jbr\bin\nio.dll
0x00007ff8b26e0000 - 0x00007ff8b2755000 	C:\Users\santiago.barreiro\AppData\Local\Temp\lwjglsantiago.barreiro\3.3.1-build-7\lwjgl.dll
0x00007ff8ca650000 - 0x00007ff8ca6b1000 	C:\Users\SANTIA~1.BAR\AppData\Local\Temp\lwjglsantiago.barreiro\3.3.1-build-7\glfw.dll
0x00007ff8ca1b0000 - 0x00007ff8ca1f5000 	C:\windows\SYSTEM32\dinput8.dll
0x00007ff8caa90000 - 0x00007ff8caaa1000 	C:\windows\SYSTEM32\xinput1_4.dll
0x00007ff8fc320000 - 0x00007ff8fc36e000 	C:\windows\System32\cfgmgr32.dll
0x00007ff8fba30000 - 0x00007ff8fba5c000 	C:\windows\SYSTEM32\DEVOBJ.dll
0x00007ff8f9430000 - 0x00007ff8f945f000 	C:\windows\SYSTEM32\dwmapi.dll
0x00007ff8dccc0000 - 0x00007ff8dce12000 	C:\windows\SYSTEM32\inputhost.dll
0x00007ff8fca40000 - 0x00007ff8fcb0d000 	C:\windows\System32\OLEAUT32.dll
0x00007ff8f7b90000 - 0x00007ff8f7ce4000 	C:\windows\SYSTEM32\wintypes.dll
0x00007ff8f6f60000 - 0x00007ff8f7056000 	C:\windows\SYSTEM32\PROPSYS.dll
0x00007ff8f7a60000 - 0x00007ff8f7b52000 	C:\windows\SYSTEM32\CoreMessaging.dll
0x00007ff8f7380000 - 0x00007ff8f76de000 	C:\windows\SYSTEM32\CoreUIComponents.dll
0x00007ff8fadd0000 - 0x00007ff8fae03000 	C:\windows\SYSTEM32\ntmarta.dll
0x00007ff8f9100000 - 0x00007ff8f919e000 	C:\windows\system32\uxtheme.dll
0x00007ff8fc660000 - 0x00007ff8fc775000 	C:\windows\System32\MSCTF.dll
0x00007ff8c2e60000 - 0x00007ff8c2f85000 	C:\windows\SYSTEM32\opengl32.dll
0x00007ff8cf900000 - 0x00007ff8cf92c000 	C:\windows\SYSTEM32\GLU32.dll
0x00007ff8fd750000 - 0x00007ff8fd7f9000 	C:\windows\System32\clbcatq.dll
0x00007ff864070000 - 0x00007ff865119000 	C:\windows\System32\DriverStore\FileRepository\iigd_dch.inf_amd64_33a6982ac1e20313\igxelpicd64.dll
0x00007ff8fdac0000 - 0x00007ff8fdbea000 	C:\windows\System32\ole32.dll
0x00007ff8fa620000 - 0x00007ff8fa713000 	C:\windows\system32\dxgi.dll
0x00007ff8b25b0000 - 0x00007ff8b26d4000 	C:\windows\System32\DriverStore\FileRepository\iigd_dch.inf_amd64_33a6982ac1e20313\igdml64.dll
0x00007ff8e83a0000 - 0x00007ff8e87b2000 	C:\windows\System32\DriverStore\FileRepository\iigd_dch.inf_amd64_33a6982ac1e20313\igdgmm64.dll
0x00007ff8fbde0000 - 0x00007ff8fbe07000 	C:\windows\System32\bcrypt.dll
0x00007ff8df130000 - 0x00007ff8e356e000 	C:\windows\System32\DriverStore\FileRepository\iigd_dch.inf_amd64_33a6982ac1e20313\igc64.dll
0x00007ff8fb1c0000 - 0x00007ff8fb20b000 	C:\windows\SYSTEM32\powrprof.dll
0x00007ff8fb080000 - 0x00007ff8fb092000 	C:\windows\SYSTEM32\UMPDC.dll
0x00007ff8b15f0000 - 0x00007ff8b1787000 	C:\Users\SANTIA~1.BAR\AppData\Local\Temp\lwjglsantiago.barreiro\3.3.1-build-7\OpenAL.dll
0x00007ff8f0850000 - 0x00007ff8f08d5000 	C:\windows\System32\MMDevApi.dll
0x00007ff8f08e0000 - 0x00007ff8f0a62000 	C:\windows\SYSTEM32\AUDIOSES.DLL
0x00007ff8f9330000 - 0x00007ff8f9344000 	C:\windows\SYSTEM32\resourcepolicyclient.dll
0x00007ff8c9e90000 - 0x00007ff8c9eed000 	C:\Users\santiago.barreiro\AppData\Local\Temp\lwjglsantiago.barreiro\3.3.1-build-7\lwjgl_opengl.dll
0x00007ff8e7d90000 - 0x00007ff8e7e89000 	C:\windows\SYSTEM32\textinputframework.dll
0x00007ff8f83f0000 - 0x00007ff8f8400000 	C:\Program Files\JetBrains\IntelliJ IDEA Community Edition 2022.3.2\jbr\bin\verify.dll
0x00007ff863280000 - 0x00007ff864067000 	C:\Users\santiago.barreiro\AppData\Local\Temp\imgui-java-natives_1676992344100\imgui-java64.dll

dbghelp: loaded successfully - version: 4.0.5 - missing functions: none
symbol engine: initialized successfully - sym options: 0x614 - pdb path: .;C:\Program Files\JetBrains\IntelliJ IDEA Community Edition 2022.3.2\jbr\bin;C:\windows\SYSTEM32;C:\windows\WinSxS\amd64_microsoft.windows.common-controls_6595b64144ccf1df_6.0.19041.1110_none_60b5254171f9507e;C:\Program Files\JetBrains\IntelliJ IDEA Community Edition 2022.3.2\jbr\bin\server;C:\Users\santiago.barreiro\AppData\Local\Temp\lwjglsantiago.barreiro\3.3.1-build-7;C:\Users\SANTIA~1.BAR\AppData\Local\Temp\lwjglsantiago.barreiro\3.3.1-build-7;C:\windows\System32\DriverStore\FileRepository\iigd_dch.inf_amd64_33a6982ac1e20313;C:\Users\santiago.barreiro\AppData\Local\Temp\imgui-java-natives_1676992344100

VM Arguments:
jvm_args: -Dfile.encoding=windows-1252 -Duser.country=ES -Duser.language=es -Duser.variant 
java_command: sapphire.SapphireMain
java_class_path (initial): C:\Users\santiago.barreiro\IdeaProjects\Java_Engine\build\classes\java\main;C:\Users\santiago.barreiro\IdeaProjects\Java_Engine\build\resources\main;C:\Users\santiago.barreiro\IdeaProjects\Java_Engine\libs\jbox2d-library.jar;C:\Users\santiago.barreiro\.gradle\caches\modules-2\files-2.1\com.google.code.gson\gson\2.8.6\9180733b7df8542621dc12e21e87557e8c99b8cb\gson-2.8.6.jar;C:\Users\santiago.barreiro\.gradle\caches\modules-2\files-2.1\io.github.spair\imgui-java-app\1.86.7\4473f8dcf52a0d31b7b50b95502dbfae1e3a10\imgui-java-app-1.86.7.jar;C:\Users\santiago.barreiro\.gradle\caches\modules-2\files-2.1\io.github.spair\imgui-java-lwjgl3\1.86.7\a8eb322dc285b80367c67a393845c80f049623a2\imgui-java-lwjgl3-1.86.7.jar;C:\Users\santiago.barreiro\.gradle\caches\modules-2\files-2.1\io.github.spair\imgui-java-binding\1.86.7\2fbe3c17c8e3e1687dd909b74ecad910b4f68806\imgui-java-binding-1.86.7.jar;C:\Users\santiago.barreiro\.gradle\caches\modules-2\files-2.1\org.lwjgl\lwjgl-glfw\3.3.1\cbac1b8d30cb4795149c1ef540f912671a8616d0\lwjgl-glfw-3.3.1.jar;C:\Users\santiago.barreiro\.gradle\caches\modules-2\files-2.1\org.lwjgl\lwjgl-glfw\3.3.1\ed892f945cf7e79c8756796f32d00fa4ceaf573b\lwjgl-glfw-3.3.1-natives-windows.jar;C:\Users\santiago.barreiro\.gradle\caches\modules-2\files-2.1\org.lwjgl\lwjgl-glfw\3.3.1\81716978214ecbda15050ca394b06ef61501a49e\lwjgl-glfw-3.3.1-natives-linux.jar;C:\Users\santiago.barreiro\.gradle\caches\modules-2\files-2.1\org.lwjgl\lwjgl-glfw\3.3.1\9ec4ce1fc8c85fdef03ef4ff2aace6f5775fb280\lwjgl-glfw-3.3.1-natives-macos.jar;C:\Users\santiago.barreiro\.gradle\caches\modules-2\files-2.1\org.lwjgl\lwjgl-nfd\3.3.1\622318116996ddcff449b46cb38f0fdee39b8ac3\lwjgl-nfd-3.3.1.jar;C:\Users\santiago.barreiro\.gradle\caches\modules-2\files-2.1\org.lwjgl\lwjgl-nfd\3.3.1\869fe532a50455e8b2d924f498bfb95f80b41aed\lwjgl-nfd-3.3.1-natives-windows.jar;C:\Users\santiago.barreiro\.gradle\caches\modules-2\files-2.1\org.lwjgl\lwjgl-openal\3.3.1\2623a6b8ae1dfcd880738656a9f024
Launcher Type: SUN_STANDARD

[Global flags]
     intx CICompilerCount                          = 4                                         {product} {ergonomic}
     uint ConcGCThreads                            = 2                                         {product} {ergonomic}
     uint G1ConcRefinementThreads                  = 8                                         {product} {ergonomic}
   size_t G1HeapRegionSize                         = 2097152                                   {product} {ergonomic}
    uintx GCDrainStackTargetSize                   = 64                                        {product} {ergonomic}
   size_t InitialHeapSize                          = 264241152                                 {product} {ergonomic}
   size_t MarkStackSize                            = 4194304                                   {product} {ergonomic}
   size_t MaxHeapSize                              = 4213178368                                {product} {ergonomic}
   size_t MaxNewSize                               = 2527068160                                {product} {ergonomic}
   size_t MinHeapDeltaBytes                        = 2097152                                   {product} {ergonomic}
   size_t MinHeapSize                              = 8388608                                   {product} {ergonomic}
    uintx NonNMethodCodeHeapSize                   = 5839372                                {pd product} {ergonomic}
    uintx NonProfiledCodeHeapSize                  = 122909434                              {pd product} {ergonomic}
    uintx ProfiledCodeHeapSize                     = 122909434                              {pd product} {ergonomic}
    uintx ReservedCodeCacheSize                    = 251658240                              {pd product} {ergonomic}
     bool SegmentedCodeCache                       = true                                      {product} {ergonomic}
   size_t SoftMaxHeapSize                          = 4213178368                             {manageable} {ergonomic}
     bool UseCompressedClassPointers               = true                           {product lp64_product} {ergonomic}
     bool UseCompressedOops                        = true                           {product lp64_product} {ergonomic}
     bool UseG1GC                                  = true                                      {product} {ergonomic}
     bool UseLargePagesIndividualAllocation        = false                                  {pd product} {ergonomic}

Logging:
Log output configuration:
 #0: stdout all=off uptime,level,tags
 #1: stderr all=off uptime,level,tags

Environment Variables:
PATH=C:\Program Files (x86)\Common Files\Oracle\Java\javapath;C:\windows\system32;C:\windows;C:\windows\System32\Wbem;C:\windows\System32\WindowsPowerShell\v1.0\;C:\windows\System32\OpenSSH\;C:\Program Files\Git\cmd;C:\Proyectos\Node\nvm;C:\Proyectos\Node\Node.js;C:\Proyectos\content-toolkit\sites\node_modules\.bin;C:\Program Files\TortoiseSVN\bin;C:\Users\santiago.barreiro\AppData\Local\Microsoft\WindowsApps;C:\Programas\Microsoft VS Code\bin;C:\Proyectos\Node\nvm;C:\Proyectos\Node\Node.js
USERNAME=santiago.barreiro
OS=Windows_NT
PROCESSOR_IDENTIFIER=Intel64 Family 6 Model 140 Stepping 1, GenuineIntel
TMP=C:\Users\SANTIA~1.BAR\AppData\Local\Temp
TEMP=C:\Users\SANTIA~1.BAR\AppData\Local\Temp



---------------  S Y S T E M  ---------------

OS:
 Windows 10 , 64 bit Build 19041 (10.0.19041.2546)
OS uptime: 2 days 13:07 hours
Hyper-V role detected

CPU: total 8 (initial active 8) (4 cores per cpu, 2 threads per core) family 6 model 140 stepping 1 microcode 0xa6, cx8, cmov, fxsr, ht, mmx, 3dnowpref, sse, sse2, sse3, ssse3, sse4.1, sse4.2, popcnt, lzcnt, tsc, tscinvbit, avx, avx2, aes, erms, clmul, bmi1, bmi2, adx, avx512f, avx512dq, avx512cd, avx512bw, avx512vl, sha, fma, vzeroupper, avx512_vpopcntdq, avx512_vpclmulqdq, avx512_vaes, avx512_vnni, clflush, clflushopt, clwb, avx512_vbmi2, avx512_vbmi, hv

Memory: 4k page, system-wide physical 16064M (5677M free)
TotalPageFile size 21696M (AvailPageFile size 7619M)
current process WorkingSet (physical memory assigned to process): 190M, peak: 196M
current process commit charge ("private bytes"): 428M, peak: 429M

vm_info: OpenJDK 64-Bit Server VM (17.0.5+1-b653.25) for windows-amd64 JRE (17.0.5+1-b653.25), built on 2023-01-04 by "builduser" with MS VC++ 16.10 / 16.11 (VS2019)

END.
