#
# A fatal error has been detected by the Java Runtime Environment:
#
#  EXCEPTION_ACCESS_VIOLATION (0xc0000005) at pc=0x00000000531acab1, pid=2588, tid=0x0000000000003e34
#
# JRE version: Java(TM) SE Runtime Environment (8.0_311-b11) (build 1.8.0_311-b11)
# Java VM: Java HotSpot(TM) 64-Bit Server VM (25.311-b11 mixed mode windows-amd64 compressed oops)
# Problematic frame:
# V  [jvm.dll+0x15cab1]
#
# Failed to write core dump. Minidumps are not enabled by default on client versions of Windows
#
# If you would like to submit a bug report, please visit:
#   http://bugreport.java.com/bugreport/crash.jsp
#

---------------  T H R E A D  ---------------

Current thread (0x000002997714f000):  JavaThread "main" [_thread_in_vm, id=15924, stack(0x0000009f10200000,0x0000009f10300000)]

siginfo: ExceptionCode=0xc0000005, reading address 0x0000000000000000

Registers:
RAX=0x0000000000000000, RBX=0x000002997714f000, RCX=0x0000000000000f00, RDX=0x0000000000000000
RSP=0x0000009f102ff3c0, RBP=0x000002997714f000, RSI=0x0000000000000000, RDI=0x0000000001000000
R8 =0x0000000000000000, R9 =0x0000000000000004, R10=0x0000029900024cfb, R11=0x000000005327a200
R12=0x000002997714f200, R13=0x0000000000000000, R14=0x0000000000000000, R15=0x0000000000000000
RIP=0x00000000531acab1, EFLAGS=0x0000000000010246

Top of Stack: (sp=0x0000009f102ff3c0)
0x0000009f102ff3c0:   000002997714f000 000002991f7b5b18
0x0000009f102ff3d0:   0000000000000000 00000000f800add2
0x0000009f102ff3e0:   000002997714f000 0000000000000000
0x0000009f102ff3f0:   0000009f102ff4f8 0000000053112db7
0x0000009f102ff400:   000002991f7b5b18 0000000000000007
0x0000009f102ff410:   000002991f7b5b18 00000299000356e1
0x0000009f102ff420:   0000009f102ff4b8 00000299000247d2
0x0000009f102ff430:   000002997714f000 0000009f102ff518
0x0000009f102ff440:   0000000001000020 00007ffc5868519e
0x0000009f102ff450:   000002991f7b5b18 0000009f102ff4f8
0x0000009f102ff460:   00000000f800add2 0000029900000000
0x0000009f102ff470:   000002991f7b5b18 0000000000000000
0x0000009f102ff480:   000002991f7b5b18 0000029900024d27
0x0000009f102ff490:   000002991f7b5b18 00000000f800add2
0x0000009f102ff4a0:   000002997aaaa478 00000000f800add2
0x0000009f102ff4b0:   00000299000247d2 0000009f102ff4b8 

Instructions: (pc=0x00000000531acab1)
0x00000000531aca91:   08 74 0a 48 8d 4c 24 20 e8 82 6e 11 00 41 f6 c6
0x00000000531acaa1:   01 74 0d 49 8b ce e8 b4 00 0b 00 48 8b f8 eb 03
0x00000000531acab1:   49 8b 3e 40 38 35 4c c4 67 00 48 63 05 1e 1f 66
0x00000000531acac1:   00 74 1b 8b 0c 38 85 c9 74 6a 8b c1 8b 0d 05 a2 


Register to memory mapping:

RAX=0x0000000000000000 is an unknown value
RBX=0x000002997714f000 is a thread
RCX=0x0000000000000f00 is an unknown value
RDX=0x0000000000000000 is an unknown value
RSP=0x0000009f102ff3c0 is pointing into the stack for thread: 0x000002997714f000
RBP=0x000002997714f000 is a thread
RSI=0x0000000000000000 is an unknown value
RDI=0x0000000001000000 is an unknown value
R8 =0x0000000000000000 is an unknown value
R9 =0x0000000000000004 is an unknown value
R10=0x0000029900024cfb is at code_begin+1915 in an Interpreter codelet
method entry point (kind = native)  [0x0000029900024580, 0x0000029900025860]  4832 bytes
R11=0x000000005327a200 is an unknown value
R12=0x000002997714f200 is an unknown value
R13=0x0000000000000000 is an unknown value
R14=0x0000000000000000 is an unknown value
R15=0x0000000000000000 is an unknown value


Stack: [0x0000009f10200000,0x0000009f10300000],  sp=0x0000009f102ff3c0,  free space=1020k
Native frames: (J=compiled Java code, j=interpreted, Vv=VM code, C=native code)
V  [jvm.dll+0x15cab1]
C  [imgui-java64.dll+0x9519e]
C  0x0000029900024d27

Java frames: (J=compiled Java code, j=interpreted, Vv=VM code)
j  imgui.ImGui.pushID(Ljava/lang/String;)V+0
j  sapphire.imgui.windows.EnvHierarchyWindow.drawNestedEntities()V+33
j  sapphire.imgui.windows.EnvHierarchyWindow.imgui(Lsapphire/imgui/SappImGuiLayer;)V+46
j  sapphire.imgui.SappImGuiLayer.update()V+96
j  sapphire.Sapphire.run()V+80
j  sapphire.Sapphire.launch()V+78
j  sapphire.SappMain.main([Ljava/lang/String;)V+5
v  ~StubRoutines::call_stub

---------------  P R O C E S S  ---------------

Java Threads: ( => current thread )
  0x000002997d235000 JavaThread "DiaLogger" [_thread_blocked, id=13028, stack(0x0000009f11900000,0x0000009f11a00000)]
  0x000002997ae46000 JavaThread "Service Thread" daemon [_thread_blocked, id=9604, stack(0x0000009f11700000,0x0000009f11800000)]
  0x000002997ae44800 JavaThread "C1 CompilerThread3" daemon [_thread_blocked, id=12592, stack(0x0000009f11600000,0x0000009f11700000)]
  0x000002997ae4d800 JavaThread "C2 CompilerThread2" daemon [_thread_blocked, id=19112, stack(0x0000009f11500000,0x0000009f11600000)]
  0x000002997ae4d000 JavaThread "C2 CompilerThread1" daemon [_thread_blocked, id=4292, stack(0x0000009f11400000,0x0000009f11500000)]
  0x000002997ae3b000 JavaThread "C2 CompilerThread0" daemon [_thread_blocked, id=17912, stack(0x0000009f11300000,0x0000009f11400000)]
  0x000002997ae30000 JavaThread "JDWP Command Reader" daemon [_thread_in_native, id=16628, stack(0x0000009f11200000,0x0000009f11300000)]
  0x000002997ae2b000 JavaThread "JDWP Event Helper Thread" daemon [_thread_blocked, id=11224, stack(0x0000009f11100000,0x0000009f11200000)]
  0x000002997ae1b800 JavaThread "JDWP Transport Listener: dt_socket" daemon [_thread_blocked, id=23068, stack(0x0000009f11000000,0x0000009f11100000)]
  0x000002997ae12800 JavaThread "Attach Listener" daemon [_thread_blocked, id=23136, stack(0x0000009f10f00000,0x0000009f11000000)]
  0x000002997ae12000 JavaThread "Signal Dispatcher" daemon [_thread_blocked, id=24900, stack(0x0000009f10e00000,0x0000009f10f00000)]
  0x000002997adee000 JavaThread "Finalizer" daemon [_thread_blocked, id=23840, stack(0x0000009f10d00000,0x0000009f10e00000)]
  0x000002997addf800 JavaThread "Reference Handler" daemon [_thread_blocked, id=8188, stack(0x0000009f10c00000,0x0000009f10d00000)]
=>0x000002997714f000 JavaThread "main" [_thread_in_vm, id=15924, stack(0x0000009f10200000,0x0000009f10300000)]

Other Threads:
  0x000002997adb5800 VMThread [stack: 0x0000009f10b00000,0x0000009f10c00000] [id=23844]
  0x000002997cce6800 WatcherThread [stack: 0x0000009f11800000,0x0000009f11900000] [id=22048]

VM state:not at safepoint (normal execution)

VM Mutex/Monitor currently owned by a thread: None

heap address: 0x00000006c4e00000, size: 4018 MB, Compressed Oops mode: Zero based, Oop shift amount: 3
Narrow klass base: 0x0000000000000000, Narrow klass shift: 3
Compressed class space size: 1073741824 Address: 0x00000007c0000000

Heap:
 PSYoungGen      total 75264K, used 29163K [0x000000076c500000, 0x0000000771900000, 0x00000007c0000000)
  eden space 64512K, 45% used [0x000000076c500000,0x000000076e17aef8,0x0000000770400000)
  from space 10752K, 0% used [0x0000000770e80000,0x0000000770e80000,0x0000000771900000)
  to   space 10752K, 0% used [0x0000000770400000,0x0000000770400000,0x0000000770e80000)
 ParOldGen       total 172032K, used 0K [0x00000006c4e00000, 0x00000006cf600000, 0x000000076c500000)
  object space 172032K, 0% used [0x00000006c4e00000,0x00000006c4e00000,0x00000006cf600000)
 Metaspace       used 12591K, capacity 12928K, committed 13056K, reserved 1060864K
  class space    used 1070K, capacity 1183K, committed 1280K, reserved 1048576K

Card table byte_map: [0x0000029978e40000,0x0000029979620000] byte_map_base: 0x0000029975819000

Marking Bits: (ParMarkBitMap*) 0x0000000053838030
 Begin Bits: [0x000002990f000000, 0x0000029912ec8000)
 End Bits:   [0x0000029912ec8000, 0x0000029916d90000)

Polling page: 0x0000029977280000

CodeCache: size=245760Kb used=4064Kb max_used=4081Kb free=241695Kb
 bounds [0x0000029900000000, 0x0000029900400000, 0x000002990f000000]
 total_blobs=2261 nmethods=1082 adapters=1100
 compilation: enabled

Compilation events (10 events):
Event: 3.231 Thread 0x000002997ae44800 1133       3       org.joml.Matrix4f::m33 (5 bytes)
Event: 3.231 Thread 0x000002997ae44800 nmethod 1133 0x000002990011ca90 code [0x000002990011cbe0, 0x000002990011cd38]
Event: 3.298 Thread 0x000002997ae44800 1135       1       imgui.type.ImBoolean::get (7 bytes)
Event: 3.298 Thread 0x000002997ae44800 nmethod 1135 0x000002990011c350 code [0x000002990011c4a0, 0x000002990011c5d8]
Event: 3.347 Thread 0x000002997ae44800 1136       3       diamondEngine.Diamond::get (20 bytes)
Event: 3.347 Thread 0x000002997ae44800 nmethod 1136 0x000002990011e350 code [0x000002990011e4c0, 0x000002990011e710]
Event: 21.004 Thread 0x000002997ae44800 1137       3       diamondEngine.Environment::updateLists (117 bytes)
Event: 21.004 Thread 0x000002997ae44800 nmethod 1137 0x0000029900131990 code [0x0000029900131bc0, 0x0000029900132860]
Event: 34.696 Thread 0x000002997ae44800 1138       1       java.util.HashMap::size (5 bytes)
Event: 34.696 Thread 0x000002997ae44800 nmethod 1138 0x000002990011c090 code [0x000002990011c1e0, 0x000002990011c2f8]

GC Heap History (0 events):
No events

Deoptimization events (0 events):
No events

Classes redefined (0 events):
No events

Internal exceptions (10 events):
Event: 0.420 Thread 0x000002997714f000 Exception <a 'sun/nio/fs/WindowsException'> (0x000000076d0f9c78) thrown at [C:\jenkins\workspace\8-2-build-windows-amd64-cygwin\jdk8u311\1894\hotspot\src\share\vm\prims\jni.cpp, line 710]
Event: 0.420 Thread 0x000002997714f000 Exception <a 'sun/nio/fs/WindowsException'> (0x000000076d0fa470) thrown at [C:\jenkins\workspace\8-2-build-windows-amd64-cygwin\jdk8u311\1894\hotspot\src\share\vm\prims\jni.cpp, line 710]
Event: 0.422 Thread 0x000002997714f000 Exception <a 'sun/nio/fs/WindowsException'> (0x000000076d1050a0) thrown at [C:\jenkins\workspace\8-2-build-windows-amd64-cygwin\jdk8u311\1894\hotspot\src\share\vm\prims\jni.cpp, line 710]
Event: 0.422 Thread 0x000002997714f000 Exception <a 'sun/nio/fs/WindowsException'> (0x000000076d105748) thrown at [C:\jenkins\workspace\8-2-build-windows-amd64-cygwin\jdk8u311\1894\hotspot\src\share\vm\prims\jni.cpp, line 710]
Event: 0.545 Thread 0x000002997714f000 Exception <a 'sun/nio/fs/WindowsException'> (0x000000076d294bc0) thrown at [C:\jenkins\workspace\8-2-build-windows-amd64-cygwin\jdk8u311\1894\hotspot\src\share\vm\prims\jni.cpp, line 710]
Event: 0.545 Thread 0x000002997714f000 Exception <a 'sun/nio/fs/WindowsException'> (0x000000076d295378) thrown at [C:\jenkins\workspace\8-2-build-windows-amd64-cygwin\jdk8u311\1894\hotspot\src\share\vm\prims\jni.cpp, line 710]
Event: 0.673 Thread 0x000002997714f000 Exception <a 'sun/nio/fs/WindowsException'> (0x000000076d819670) thrown at [C:\jenkins\workspace\8-2-build-windows-amd64-cygwin\jdk8u311\1894\hotspot\src\share\vm\prims\jni.cpp, line 710]
Event: 0.684 Thread 0x000002997714f000 Exception <a 'sun/nio/fs/WindowsException'> (0x000000076d9dcdc8) thrown at [C:\jenkins\workspace\8-2-build-windows-amd64-cygwin\jdk8u311\1894\hotspot\src\share\vm\prims\jni.cpp, line 710]
Event: 0.736 Thread 0x000002997714f000 Exception <a 'sun/nio/fs/WindowsException'> (0x000000076da3cfa0) thrown at [C:\jenkins\workspace\8-2-build-windows-amd64-cygwin\jdk8u311\1894\hotspot\src\share\vm\prims\jni.cpp, line 710]
Event: 2.681 Thread 0x000002997714f000 Exception <a 'sun/nio/fs/WindowsException'> (0x000000076e033fa8) thrown at [C:\jenkins\workspace\8-2-build-windows-amd64-cygwin\jdk8u311\1894\hotspot\src\share\vm\prims\jni.cpp, line 710]

Events (10 events):
Event: 36.328 Executing VM operation: GetOrSetLocal
Event: 36.328 Executing VM operation: GetOrSetLocal done
Event: 36.660 Executing VM operation: EnterInterpOnlyMode
Event: 36.660 Executing VM operation: EnterInterpOnlyMode done
Event: 36.660 Executing VM operation: GetCurrentLocation
Event: 36.660 Executing VM operation: GetCurrentLocation done
Event: 36.660 Executing VM operation: ChangeSingleStep
Event: 36.660 Executing VM operation: ChangeSingleStep done
Event: 36.661 Executing VM operation: ChangeSingleStep
Event: 36.661 Executing VM operation: ChangeSingleStep done


Dynamic libraries:
0x00007ff754810000 - 0x00007ff754857000 	C:\Program Files\Java\jdk1.8.0_311\bin\java.exe
0x00007ffcb5850000 - 0x00007ffcb5a48000 	C:\windows\SYSTEM32\ntdll.dll
0x00007ffcb39a0000 - 0x00007ffcb3a5f000 	C:\windows\System32\KERNEL32.DLL
0x00007ffcb3010000 - 0x00007ffcb3306000 	C:\windows\System32\KERNELBASE.dll
0x00007ffcb4ec0000 - 0x00007ffcb4f6f000 	C:\windows\System32\ADVAPI32.dll
0x00007ffcb4f70000 - 0x00007ffcb500e000 	C:\windows\System32\msvcrt.dll
0x00007ffcb3ef0000 - 0x00007ffcb3f8c000 	C:\windows\System32\sechost.dll
0x00007ffcb5540000 - 0x00007ffcb5666000 	C:\windows\System32\RPCRT4.dll
0x00007ffcb4070000 - 0x00007ffcb420d000 	C:\windows\System32\USER32.dll
0x00007ffcb37e0000 - 0x00007ffcb3802000 	C:\windows\System32\win32u.dll
0x00007ffcb5510000 - 0x00007ffcb553c000 	C:\windows\System32\GDI32.dll
0x00007ffcb3310000 - 0x00007ffcb3425000 	C:\windows\System32\gdi32full.dll
0x00007ffcb3810000 - 0x00007ffcb38ad000 	C:\windows\System32\msvcp_win.dll
0x00007ffcb3590000 - 0x00007ffcb3690000 	C:\windows\System32\ucrtbase.dll
0x00007ffca1e60000 - 0x00007ffca20fa000 	C:\windows\WinSxS\amd64_microsoft.windows.common-controls_6595b64144ccf1df_6.0.19041.1110_none_60b5254171f9507e\COMCTL32.dll
0x00007ffcb5010000 - 0x00007ffcb5040000 	C:\windows\System32\IMM32.DLL
0x00007ffcaac40000 - 0x00007ffcaac55000 	C:\Program Files\Java\jdk1.8.0_311\jre\bin\vcruntime140.dll
0x00007ffca0590000 - 0x00007ffca062b000 	C:\Program Files\Java\jdk1.8.0_311\jre\bin\msvcp140.dll
0x0000000053050000 - 0x00000000538b0000 	C:\Program Files\Java\jdk1.8.0_311\jre\bin\server\jvm.dll
0x00007ffcb4230000 - 0x00007ffcb4238000 	C:\windows\System32\PSAPI.DLL
0x00007ffc8d800000 - 0x00007ffc8d809000 	C:\windows\SYSTEM32\WSOCK32.dll
0x00007ffca9ea0000 - 0x00007ffca9eaa000 	C:\windows\SYSTEM32\VERSION.dll
0x00007ffc99930000 - 0x00007ffc99957000 	C:\windows\SYSTEM32\WINMM.dll
0x00007ffcb57a0000 - 0x00007ffcb580b000 	C:\windows\System32\WS2_32.dll
0x00007ffcb17d0000 - 0x00007ffcb17e2000 	C:\windows\SYSTEM32\kernel.appcore.dll
0x00007ffcaac30000 - 0x00007ffcaac40000 	C:\Program Files\Java\jdk1.8.0_311\jre\bin\verify.dll
0x00007ffcaab90000 - 0x00007ffcaabbb000 	C:\Program Files\Java\jdk1.8.0_311\jre\bin\java.dll
0x00007ffca8cb0000 - 0x00007ffca8ce6000 	C:\Program Files\Java\jdk1.8.0_311\jre\bin\jdwp.dll
0x00007ffcaac20000 - 0x00007ffcaac29000 	C:\Program Files\Java\jdk1.8.0_311\jre\bin\npt.dll
0x00007ffcaabe0000 - 0x00007ffcaabf8000 	C:\Program Files\Java\jdk1.8.0_311\jre\bin\zip.dll
0x00007ffcb4350000 - 0x00007ffcb4a94000 	C:\windows\System32\SHELL32.dll
0x00007ffcb0b40000 - 0x00007ffcb12d3000 	C:\windows\SYSTEM32\windows.storage.dll
0x00007ffcb3b90000 - 0x00007ffcb3ee4000 	C:\windows\System32\combase.dll
0x00007ffcb28b0000 - 0x00007ffcb28de000 	C:\windows\SYSTEM32\Wldp.dll
0x00007ffcb42a0000 - 0x00007ffcb434d000 	C:\windows\System32\SHCORE.dll
0x00007ffcb5740000 - 0x00007ffcb5795000 	C:\windows\System32\shlwapi.dll
0x00007ffcb2e70000 - 0x00007ffcb2e8f000 	C:\windows\SYSTEM32\profapi.dll
0x00007ffcaac10000 - 0x00007ffcaac1a000 	C:\Program Files\Java\jdk1.8.0_311\jre\bin\dt_socket.dll
0x00007ffcb2690000 - 0x00007ffcb26fa000 	C:\windows\system32\mswsock.dll
0x00007ffca8c30000 - 0x00007ffca8c4c000 	C:\Program Files\Java\jdk1.8.0_311\jre\bin\net.dll
0x00007ffca8c10000 - 0x00007ffca8c23000 	C:\Program Files\Java\jdk1.8.0_311\jre\bin\nio.dll
0x00007ffca0510000 - 0x00007ffca0585000 	C:\Users\santiago.barreiro\AppData\Local\Temp\lwjglsantiago.barreiro\3.3.1-build-7\lwjgl.dll
0x00007ffc9ecc0000 - 0x00007ffc9ed21000 	C:\Users\SANTIA~1.BAR\AppData\Local\Temp\lwjglsantiago.barreiro\3.3.1-build-7\glfw.dll
0x00007ffca2100000 - 0x00007ffca2145000 	C:\windows\SYSTEM32\dinput8.dll
0x00007ffca8bf0000 - 0x00007ffca8c01000 	C:\windows\SYSTEM32\xinput1_4.dll
0x00007ffcb3700000 - 0x00007ffcb374e000 	C:\windows\System32\cfgmgr32.dll
0x00007ffcb2ce0000 - 0x00007ffcb2d0c000 	C:\windows\SYSTEM32\DEVOBJ.dll
0x00007ffcb0550000 - 0x00007ffcb057f000 	C:\windows\SYSTEM32\dwmapi.dll
0x00007ffc9e1f0000 - 0x00007ffc9e342000 	C:\windows\SYSTEM32\inputhost.dll
0x00007ffcb5670000 - 0x00007ffcb573d000 	C:\windows\System32\OLEAUT32.dll
0x00007ffcac4d0000 - 0x00007ffcac624000 	C:\windows\SYSTEM32\wintypes.dll
0x00007ffcad250000 - 0x00007ffcad342000 	C:\windows\SYSTEM32\CoreMessaging.dll
0x00007ffcad4c0000 - 0x00007ffcad5b6000 	C:\windows\SYSTEM32\PROPSYS.dll
0x00007ffcb3750000 - 0x00007ffcb37d2000 	C:\windows\System32\bcryptPrimitives.dll
0x00007ffcacef0000 - 0x00007ffcad24e000 	C:\windows\SYSTEM32\CoreUIComponents.dll
0x00007ffcb20a0000 - 0x00007ffcb20d3000 	C:\windows\SYSTEM32\ntmarta.dll
0x00007ffcadaa0000 - 0x00007ffcadb3e000 	C:\windows\system32\uxtheme.dll
0x00007ffcb3a70000 - 0x00007ffcb3b84000 	C:\windows\System32\MSCTF.dll
0x00007ffc75520000 - 0x00007ffc75645000 	C:\windows\SYSTEM32\opengl32.dll
0x00007ffc78170000 - 0x00007ffc7819c000 	C:\windows\SYSTEM32\GLU32.dll
0x00007ffcb4e10000 - 0x00007ffcb4eb9000 	C:\windows\System32\clbcatq.dll
0x00007ffc593e0000 - 0x00007ffc5a504000 	C:\windows\System32\DriverStore\FileRepository\iigd_dch.inf_amd64_0b6ffde85292cc1e\igxelpicd64.dll
0x00007ffcb4ab0000 - 0x00007ffcb4bda000 	C:\windows\System32\ole32.dll
0x00007ffcb1810000 - 0x00007ffcb1903000 	C:\windows\system32\dxgi.dll
0x00007ffc9eb70000 - 0x00007ffc9ecbc000 	C:\windows\System32\DriverStore\FileRepository\iigd_dch.inf_amd64_0b6ffde85292cc1e\igdml64.dll
0x00007ffc99050000 - 0x00007ffc99467000 	C:\windows\System32\DriverStore\FileRepository\iigd_dch.inf_amd64_0b6ffde85292cc1e\igdgmm64.dll
0x00007ffcb2fe0000 - 0x00007ffcb3007000 	C:\windows\System32\bcrypt.dll
0x00007ffc95350000 - 0x00007ffc9904c000 	C:\windows\System32\DriverStore\FileRepository\iigd_dch.inf_amd64_0b6ffde85292cc1e\igc64.dll
0x00007ffcb2470000 - 0x00007ffcb24bb000 	C:\windows\SYSTEM32\powrprof.dll
0x00007ffcb2330000 - 0x00007ffcb2342000 	C:\windows\SYSTEM32\UMPDC.dll
0x00007ffc77100000 - 0x00007ffc77297000 	C:\Users\SANTIA~1.BAR\AppData\Local\Temp\lwjglsantiago.barreiro\3.3.1-build-7\OpenAL.dll
0x00007ffca9630000 - 0x00007ffca96b5000 	C:\windows\System32\MMDevApi.dll
0x00007ffca96c0000 - 0x00007ffca9842000 	C:\windows\SYSTEM32\AUDIOSES.DLL
0x00007ffcb0580000 - 0x00007ffcb0594000 	C:\windows\SYSTEM32\resourcepolicyclient.dll
0x00007ffc9eb10000 - 0x00007ffc9eb6d000 	C:\Users\santiago.barreiro\AppData\Local\Temp\lwjglsantiago.barreiro\3.3.1-build-7\lwjgl_opengl.dll
0x00007ffca0750000 - 0x00007ffca084a000 	C:\windows\SYSTEM32\textinputframework.dll
0x00007ffc9ea80000 - 0x00007ffc9eb01000 	C:\Users\santiago.barreiro\AppData\Local\Temp\lwjglsantiago.barreiro\3.3.1-build-7\lwjgl_stb.dll
0x00007ffcaaa60000 - 0x00007ffcaab0e000 	C:\windows\SYSTEM32\mscms.dll
0x00007ffcb2df0000 - 0x00007ffcb2e1e000 	C:\windows\SYSTEM32\USERENV.dll
0x00007ffcaaa10000 - 0x00007ffcaaa21000 	C:\windows\SYSTEM32\ColorAdapterClient.dll
0x00007ffc9b9b0000 - 0x00007ffc9b9f3000 	C:\windows\SYSTEM32\icm32.dll
0x00007ffc585f0000 - 0x00007ffc593d7000 	C:\Users\santiago.barreiro\AppData\Local\Temp\imgui-java-natives_1686148755482\imgui-java64.dll
0x00007ffcb13b0000 - 0x00007ffcb1594000 	C:\windows\SYSTEM32\dbghelp.dll

VM Arguments:
jvm_args: -agentlib:jdwp=transport=dt_socket,server=n,suspend=y,address=127.0.0.1:53211 -Dfile.encoding=UTF-8 -Duser.country=ES -Duser.language=es -Duser.variant 
java_command: sapphire.SappMain
java_class_path (initial): C:\Users\santiago.barreiro\IdeaProjects\Java_Engine\build\classes\java\main;C:\Users\santiago.barreiro\IdeaProjects\Java_Engine\build\resources\main;C:\Users\santiago.barreiro\IdeaProjects\Java_Engine\libs\jbox2d-library.jar;C:\Users\santiago.barreiro\.gradle\caches\modules-2\files-2.1\com.google.code.gson\gson\2.8.6\9180733b7df8542621dc12e21e87557e8c99b8cb\gson-2.8.6.jar;C:\Users\santiago.barreiro\.gradle\caches\modules-2\files-2.1\io.github.spair\imgui-java-app\1.86.7\4473f8dcf52a0d31b7b50b95502dbfae1e3a10\imgui-java-app-1.86.7.jar;C:\Users\santiago.barreiro\.gradle\caches\modules-2\files-2.1\io.github.spair\imgui-java-lwjgl3\1.86.7\a8eb322dc285b80367c67a393845c80f049623a2\imgui-java-lwjgl3-1.86.7.jar;C:\Users\santiago.barreiro\.gradle\caches\modules-2\files-2.1\io.github.spair\imgui-java-binding\1.86.7\2fbe3c17c8e3e1687dd909b74ecad910b4f68806\imgui-java-binding-1.86.7.jar;C:\Users\santiago.barreiro\.gradle\caches\modules-2\files-2.1\org.lwjgl\lwjgl-glfw\3.3.1\cbac1b8d30cb4795149c1ef540f912671a8616d0\lwjgl-glfw-3.3.1.jar;C:\Users\santiago.barreiro\.gradle\caches\modules-2\files-2.1\org.lwjgl\lwjgl-glfw\3.3.1\ed892f945cf7e79c8756796f32d00fa4ceaf573b\lwjgl-glfw-3.3.1-natives-windows.jar;C:\Users\santiago.barreiro\.gradle\caches\modules-2\files-2.1\org.lwjgl\lwjgl-glfw\3.3.1\81716978214ecbda15050ca394b06ef61501a49e\lwjgl-glfw-3.3.1-natives-linux.jar;C:\Users\santiago.barreiro\.gradle\caches\modules-2\files-2.1\org.lwjgl\lwjgl-glfw\3.3.1\9ec4ce1fc8c85fdef03ef4ff2aace6f5775fb280\lwjgl-glfw-3.3.1-natives-macos.jar;C:\Users\santiago.barreiro\.gradle\caches\modules-2\files-2.1\org.lwjgl\lwjgl-nfd\3.3.1\622318116996ddcff449b46cb38f0fdee39b8ac3\lwjgl-nfd-3.3.1.jar;C:\Users\santiago.barreiro\.gradle\caches\modules-2\files-2.1\org.lwjgl\lwjgl-nfd\3.3.1\869fe532a50455e8b2d924f498bfb95f80b41aed\lwjgl-nfd-3.3.1-natives-windows.jar;C:\Users\santiago.barreiro\.gradle\caches\modules-2\files-2.1\org.lwjgl\lwjgl-openal\3.3.1\2623a6b8ae1dfcd880738656a9f024
Launcher Type: SUN_STANDARD

Environment Variables:
PATH=C:\Program Files (x86)\Common Files\Oracle\Java\javapath;C:\windows\system32;C:\windows;C:\windows\System32\Wbem;C:\windows\System32\WindowsPowerShell\v1.0\;C:\windows\System32\OpenSSH\;C:\Program Files\Git\cmd;C:\Proyectos\Node\nvm;C:\Proyectos\Node\Node.js;C:\Proyectos\content-toolkit\sites\node_modules\.bin;C:\Program Files\TortoiseSVN\bin;C:\Python\3.10\Scripts\;C:\Python\3.10\;C:\Users\santiago.barreiro\AppData\Local\Microsoft\WindowsApps;C:\Programas\Microsoft VS Code\bin;C:\Proyectos\Node\nvm;C:\Proyectos\Node\Node.js;
USERNAME=santiago.barreiro
OS=Windows_NT
PROCESSOR_IDENTIFIER=Intel64 Family 6 Model 140 Stepping 1, GenuineIntel



---------------  S Y S T E M  ---------------

OS: Windows 10.0 , 64 bit Build 19041 (10.0.19041.2913)

CPU:total 8 (initial active 8) (4 cores per cpu, 2 threads per core) family 6 model 140 stepping 1, cmov, cx8, fxsr, mmx, sse, sse2, sse3, ssse3, sse4.1, sse4.2, popcnt, avx, avx2, aes, clmul, erms, 3dnowpref, lzcnt, ht, tsc, tscinvbit, bmi1, bmi2, adx

Memory: 4k page, physical 16449800k(5336784k free), swap 30081288k(10599292k free)

vm_info: Java HotSpot(TM) 64-Bit Server VM (25.311-b11) for windows-amd64 JRE (1.8.0_311-b11), built on Sep 27 2021 05:15:14 by "java_re" with MS VC++ 15.9 (VS2017)

time: Wed Jun  7 16:39:51 2023
timezone: Hora de verano romance
elapsed time: 36.676689 seconds (0d 0h 0m 36s)

